Starting rsync Daemon to backup "/home/yagdrassyl/Documents/External/e621ng-personal/ART_DATA" to "/mnt/c/Users/andyq/OneDrive/Documents/e6_DATA"
sending incremental file list
created directory /mnt/c/Users/andyq/OneDrive/Documents/e6_DATA
ART_DATA/
ART_DATA/opensearch_data/
ART_DATA/opensearch_data/batch_metrics_enabled.conf
ART_DATA/opensearch_data/logging_enabled.conf
ART_DATA/opensearch_data/performance_analyzer_enabled.conf
ART_DATA/opensearch_data/rca_enabled.conf
ART_DATA/opensearch_data/thread_contention_monitoring_enabled.conf
ART_DATA/opensearch_data/nodes/
ART_DATA/opensearch_data/nodes/0/
ART_DATA/opensearch_data/nodes/0/node.lock
ART_DATA/opensearch_data/nodes/0/_state/
ART_DATA/opensearch_data/nodes/0/_state/_7.cfe
ART_DATA/opensearch_data/nodes/0/_state/_7.cfs
ART_DATA/opensearch_data/nodes/0/_state/_7.si
ART_DATA/opensearch_data/nodes/0/_state/_7_1.liv
ART_DATA/opensearch_data/nodes/0/_state/_8.cfe
ART_DATA/opensearch_data/nodes/0/_state/_8.cfs
ART_DATA/opensearch_data/nodes/0/_state/_8.si
ART_DATA/opensearch_data/nodes/0/_state/_c.cfe
ART_DATA/opensearch_data/nodes/0/_state/_c.cfs
ART_DATA/opensearch_data/nodes/0/_state/_c.si
ART_DATA/opensearch_data/nodes/0/_state/_e.cfe
ART_DATA/opensearch_data/nodes/0/_state/_e.cfs
ART_DATA/opensearch_data/nodes/0/_state/_e.si
ART_DATA/opensearch_data/nodes/0/_state/_f.cfe
ART_DATA/opensearch_data/nodes/0/_state/_f.cfs
ART_DATA/opensearch_data/nodes/0/_state/_f.si
ART_DATA/opensearch_data/nodes/0/_state/_k.cfe
ART_DATA/opensearch_data/nodes/0/_state/_k.cfs
ART_DATA/opensearch_data/nodes/0/_state/_k.si
ART_DATA/opensearch_data/nodes/0/_state/_q.cfe
ART_DATA/opensearch_data/nodes/0/_state/_q.cfs
ART_DATA/opensearch_data/nodes/0/_state/_q.si
ART_DATA/opensearch_data/nodes/0/_state/manifest-0.st
ART_DATA/opensearch_data/nodes/0/_state/node-0.st
ART_DATA/opensearch_data/nodes/0/_state/segments_t
ART_DATA/opensearch_data/nodes/0/_state/write.lock
ART_DATA/opensearch_data/nodes/0/indices/
ART_DATA/opensearch_data/nodes/0/indices/FCgpZWwKSIm1QYOruKwOKQ/
ART_DATA/opensearch_data/nodes/0/indices/FCgpZWwKSIm1QYOruKwOKQ/0/
ART_DATA/opensearch_data/nodes/0/indices/FCgpZWwKSIm1QYOruKwOKQ/0/_state/
ART_DATA/opensearch_data/nodes/0/indices/FCgpZWwKSIm1QYOruKwOKQ/0/_state/retention-leases-0.st
ART_DATA/opensearch_data/nodes/0/indices/FCgpZWwKSIm1QYOruKwOKQ/0/_state/state-0.st
ART_DATA/opensearch_data/nodes/0/indices/FCgpZWwKSIm1QYOruKwOKQ/0/index/
ART_DATA/opensearch_data/nodes/0/indices/FCgpZWwKSIm1QYOruKwOKQ/0/index/segments_2
ART_DATA/opensearch_data/nodes/0/indices/FCgpZWwKSIm1QYOruKwOKQ/0/index/write.lock
ART_DATA/opensearch_data/nodes/0/indices/FCgpZWwKSIm1QYOruKwOKQ/0/translog/
ART_DATA/opensearch_data/nodes/0/indices/FCgpZWwKSIm1QYOruKwOKQ/0/translog/translog-2.tlog
ART_DATA/opensearch_data/nodes/0/indices/FCgpZWwKSIm1QYOruKwOKQ/0/translog/translog.ckp
ART_DATA/opensearch_data/nodes/0/indices/FCgpZWwKSIm1QYOruKwOKQ/1/
ART_DATA/opensearch_data/nodes/0/indices/FCgpZWwKSIm1QYOruKwOKQ/1/_state/
ART_DATA/opensearch_data/nodes/0/indices/FCgpZWwKSIm1QYOruKwOKQ/1/_state/retention-leases-0.st
ART_DATA/opensearch_data/nodes/0/indices/FCgpZWwKSIm1QYOruKwOKQ/1/_state/state-0.st
ART_DATA/opensearch_data/nodes/0/indices/FCgpZWwKSIm1QYOruKwOKQ/1/index/
ART_DATA/opensearch_data/nodes/0/indices/FCgpZWwKSIm1QYOruKwOKQ/1/index/segments_2
ART_DATA/opensearch_data/nodes/0/indices/FCgpZWwKSIm1QYOruKwOKQ/1/index/write.lock
ART_DATA/opensearch_data/nodes/0/indices/FCgpZWwKSIm1QYOruKwOKQ/1/translog/
ART_DATA/opensearch_data/nodes/0/indices/FCgpZWwKSIm1QYOruKwOKQ/1/translog/translog-2.tlog
ART_DATA/opensearch_data/nodes/0/indices/FCgpZWwKSIm1QYOruKwOKQ/1/translog/translog.ckp
ART_DATA/opensearch_data/nodes/0/indices/FCgpZWwKSIm1QYOruKwOKQ/2/
ART_DATA/opensearch_data/nodes/0/indices/FCgpZWwKSIm1QYOruKwOKQ/2/_state/
ART_DATA/opensearch_data/nodes/0/indices/FCgpZWwKSIm1QYOruKwOKQ/2/_state/retention-leases-0.st
ART_DATA/opensearch_data/nodes/0/indices/FCgpZWwKSIm1QYOruKwOKQ/2/_state/state-0.st
ART_DATA/opensearch_data/nodes/0/indices/FCgpZWwKSIm1QYOruKwOKQ/2/index/
ART_DATA/opensearch_data/nodes/0/indices/FCgpZWwKSIm1QYOruKwOKQ/2/index/segments_2
ART_DATA/opensearch_data/nodes/0/indices/FCgpZWwKSIm1QYOruKwOKQ/2/index/write.lock
ART_DATA/opensearch_data/nodes/0/indices/FCgpZWwKSIm1QYOruKwOKQ/2/translog/
ART_DATA/opensearch_data/nodes/0/indices/FCgpZWwKSIm1QYOruKwOKQ/2/translog/translog-2.tlog
ART_DATA/opensearch_data/nodes/0/indices/FCgpZWwKSIm1QYOruKwOKQ/2/translog/translog.ckp
ART_DATA/opensearch_data/nodes/0/indices/FCgpZWwKSIm1QYOruKwOKQ/3/
ART_DATA/opensearch_data/nodes/0/indices/FCgpZWwKSIm1QYOruKwOKQ/3/_state/
ART_DATA/opensearch_data/nodes/0/indices/FCgpZWwKSIm1QYOruKwOKQ/3/_state/retention-leases-0.st
ART_DATA/opensearch_data/nodes/0/indices/FCgpZWwKSIm1QYOruKwOKQ/3/_state/state-0.st
ART_DATA/opensearch_data/nodes/0/indices/FCgpZWwKSIm1QYOruKwOKQ/3/index/
ART_DATA/opensearch_data/nodes/0/indices/FCgpZWwKSIm1QYOruKwOKQ/3/index/segments_2
ART_DATA/opensearch_data/nodes/0/indices/FCgpZWwKSIm1QYOruKwOKQ/3/index/write.lock
ART_DATA/opensearch_data/nodes/0/indices/FCgpZWwKSIm1QYOruKwOKQ/3/translog/
ART_DATA/opensearch_data/nodes/0/indices/FCgpZWwKSIm1QYOruKwOKQ/3/translog/translog-2.tlog
ART_DATA/opensearch_data/nodes/0/indices/FCgpZWwKSIm1QYOruKwOKQ/3/translog/translog.ckp
ART_DATA/opensearch_data/nodes/0/indices/FCgpZWwKSIm1QYOruKwOKQ/4/
ART_DATA/opensearch_data/nodes/0/indices/FCgpZWwKSIm1QYOruKwOKQ/4/_state/
ART_DATA/opensearch_data/nodes/0/indices/FCgpZWwKSIm1QYOruKwOKQ/4/_state/retention-leases-0.st
ART_DATA/opensearch_data/nodes/0/indices/FCgpZWwKSIm1QYOruKwOKQ/4/_state/state-0.st
ART_DATA/opensearch_data/nodes/0/indices/FCgpZWwKSIm1QYOruKwOKQ/4/index/
ART_DATA/opensearch_data/nodes/0/indices/FCgpZWwKSIm1QYOruKwOKQ/4/index/segments_2
ART_DATA/opensearch_data/nodes/0/indices/FCgpZWwKSIm1QYOruKwOKQ/4/index/write.lock
ART_DATA/opensearch_data/nodes/0/indices/FCgpZWwKSIm1QYOruKwOKQ/4/translog/
ART_DATA/opensearch_data/nodes/0/indices/FCgpZWwKSIm1QYOruKwOKQ/4/translog/translog-2.tlog
ART_DATA/opensearch_data/nodes/0/indices/FCgpZWwKSIm1QYOruKwOKQ/4/translog/translog.ckp
ART_DATA/opensearch_data/nodes/0/indices/FCgpZWwKSIm1QYOruKwOKQ/5/
ART_DATA/opensearch_data/nodes/0/indices/FCgpZWwKSIm1QYOruKwOKQ/5/_state/
ART_DATA/opensearch_data/nodes/0/indices/FCgpZWwKSIm1QYOruKwOKQ/5/_state/retention-leases-0.st
ART_DATA/opensearch_data/nodes/0/indices/FCgpZWwKSIm1QYOruKwOKQ/5/_state/state-0.st
ART_DATA/opensearch_data/nodes/0/indices/FCgpZWwKSIm1QYOruKwOKQ/5/index/
ART_DATA/opensearch_data/nodes/0/indices/FCgpZWwKSIm1QYOruKwOKQ/5/index/segments_2
ART_DATA/opensearch_data/nodes/0/indices/FCgpZWwKSIm1QYOruKwOKQ/5/index/write.lock
ART_DATA/opensearch_data/nodes/0/indices/FCgpZWwKSIm1QYOruKwOKQ/5/translog/
ART_DATA/opensearch_data/nodes/0/indices/FCgpZWwKSIm1QYOruKwOKQ/5/translog/translog-2.tlog
ART_DATA/opensearch_data/nodes/0/indices/FCgpZWwKSIm1QYOruKwOKQ/5/translog/translog.ckp
ART_DATA/opensearch_data/nodes/0/indices/FCgpZWwKSIm1QYOruKwOKQ/6/
ART_DATA/opensearch_data/nodes/0/indices/FCgpZWwKSIm1QYOruKwOKQ/6/_state/
ART_DATA/opensearch_data/nodes/0/indices/FCgpZWwKSIm1QYOruKwOKQ/6/_state/retention-leases-0.st
ART_DATA/opensearch_data/nodes/0/indices/FCgpZWwKSIm1QYOruKwOKQ/6/_state/state-0.st
ART_DATA/opensearch_data/nodes/0/indices/FCgpZWwKSIm1QYOruKwOKQ/6/index/
ART_DATA/opensearch_data/nodes/0/indices/FCgpZWwKSIm1QYOruKwOKQ/6/index/segments_2
ART_DATA/opensearch_data/nodes/0/indices/FCgpZWwKSIm1QYOruKwOKQ/6/index/write.lock
ART_DATA/opensearch_data/nodes/0/indices/FCgpZWwKSIm1QYOruKwOKQ/6/translog/
ART_DATA/opensearch_data/nodes/0/indices/FCgpZWwKSIm1QYOruKwOKQ/6/translog/translog-2.tlog
ART_DATA/opensearch_data/nodes/0/indices/FCgpZWwKSIm1QYOruKwOKQ/6/translog/translog.ckp
ART_DATA/opensearch_data/nodes/0/indices/FCgpZWwKSIm1QYOruKwOKQ/7/
ART_DATA/opensearch_data/nodes/0/indices/FCgpZWwKSIm1QYOruKwOKQ/7/_state/
ART_DATA/opensearch_data/nodes/0/indices/FCgpZWwKSIm1QYOruKwOKQ/7/_state/retention-leases-0.st
ART_DATA/opensearch_data/nodes/0/indices/FCgpZWwKSIm1QYOruKwOKQ/7/_state/state-0.st
ART_DATA/opensearch_data/nodes/0/indices/FCgpZWwKSIm1QYOruKwOKQ/7/index/
ART_DATA/opensearch_data/nodes/0/indices/FCgpZWwKSIm1QYOruKwOKQ/7/index/segments_2
ART_DATA/opensearch_data/nodes/0/indices/FCgpZWwKSIm1QYOruKwOKQ/7/index/write.lock
ART_DATA/opensearch_data/nodes/0/indices/FCgpZWwKSIm1QYOruKwOKQ/7/translog/
ART_DATA/opensearch_data/nodes/0/indices/FCgpZWwKSIm1QYOruKwOKQ/7/translog/translog-2.tlog
ART_DATA/opensearch_data/nodes/0/indices/FCgpZWwKSIm1QYOruKwOKQ/7/translog/translog.ckp
ART_DATA/opensearch_data/nodes/0/indices/FCgpZWwKSIm1QYOruKwOKQ/_state/
ART_DATA/opensearch_data/nodes/0/indices/FCgpZWwKSIm1QYOruKwOKQ/_state/state-5.st
ART_DATA/opensearch_data/nodes/0/indices/N94v-EEkQ6ifPlFl4zQ2Ig/
ART_DATA/opensearch_data/nodes/0/indices/N94v-EEkQ6ifPlFl4zQ2Ig/0/
ART_DATA/opensearch_data/nodes/0/indices/N94v-EEkQ6ifPlFl4zQ2Ig/0/_state/
ART_DATA/opensearch_data/nodes/0/indices/N94v-EEkQ6ifPlFl4zQ2Ig/0/_state/retention-leases-1.st
ART_DATA/opensearch_data/nodes/0/indices/N94v-EEkQ6ifPlFl4zQ2Ig/0/_state/state-0.st
ART_DATA/opensearch_data/nodes/0/indices/N94v-EEkQ6ifPlFl4zQ2Ig/0/index/
ART_DATA/opensearch_data/nodes/0/indices/N94v-EEkQ6ifPlFl4zQ2Ig/0/index/_0.cfe
ART_DATA/opensearch_data/nodes/0/indices/N94v-EEkQ6ifPlFl4zQ2Ig/0/index/_0.cfs
ART_DATA/opensearch_data/nodes/0/indices/N94v-EEkQ6ifPlFl4zQ2Ig/0/index/_0.si
ART_DATA/opensearch_data/nodes/0/indices/N94v-EEkQ6ifPlFl4zQ2Ig/0/index/_0_2.fnm
ART_DATA/opensearch_data/nodes/0/indices/N94v-EEkQ6ifPlFl4zQ2Ig/0/index/_0_2_Lucene90_0.dvd
ART_DATA/opensearch_data/nodes/0/indices/N94v-EEkQ6ifPlFl4zQ2Ig/0/index/_0_2_Lucene90_0.dvm
ART_DATA/opensearch_data/nodes/0/indices/N94v-EEkQ6ifPlFl4zQ2Ig/0/index/_1.cfe
ART_DATA/opensearch_data/nodes/0/indices/N94v-EEkQ6ifPlFl4zQ2Ig/0/index/_1.cfs
ART_DATA/opensearch_data/nodes/0/indices/N94v-EEkQ6ifPlFl4zQ2Ig/0/index/_1.si
ART_DATA/opensearch_data/nodes/0/indices/N94v-EEkQ6ifPlFl4zQ2Ig/0/index/segments_2
ART_DATA/opensearch_data/nodes/0/indices/N94v-EEkQ6ifPlFl4zQ2Ig/0/index/write.lock
ART_DATA/opensearch_data/nodes/0/indices/N94v-EEkQ6ifPlFl4zQ2Ig/0/translog/
ART_DATA/opensearch_data/nodes/0/indices/N94v-EEkQ6ifPlFl4zQ2Ig/0/translog/translog-2.tlog
ART_DATA/opensearch_data/nodes/0/indices/N94v-EEkQ6ifPlFl4zQ2Ig/0/translog/translog.ckp
ART_DATA/opensearch_data/nodes/0/indices/N94v-EEkQ6ifPlFl4zQ2Ig/_state/
ART_DATA/opensearch_data/nodes/0/indices/N94v-EEkQ6ifPlFl4zQ2Ig/_state/state-1.st
ART_DATA/opensearch_data/nodes/0/indices/Pdf1-1vYQ_6s0J7bB6V0NQ/
ART_DATA/opensearch_data/nodes/0/indices/Pdf1-1vYQ_6s0J7bB6V0NQ/0/
ART_DATA/opensearch_data/nodes/0/indices/Pdf1-1vYQ_6s0J7bB6V0NQ/0/_state/
ART_DATA/opensearch_data/nodes/0/indices/Pdf1-1vYQ_6s0J7bB6V0NQ/0/_state/retention-leases-1.st
ART_DATA/opensearch_data/nodes/0/indices/Pdf1-1vYQ_6s0J7bB6V0NQ/0/_state/state-0.st
ART_DATA/opensearch_data/nodes/0/indices/Pdf1-1vYQ_6s0J7bB6V0NQ/0/index/
ART_DATA/opensearch_data/nodes/0/indices/Pdf1-1vYQ_6s0J7bB6V0NQ/0/index/segments_2
ART_DATA/opensearch_data/nodes/0/indices/Pdf1-1vYQ_6s0J7bB6V0NQ/0/index/write.lock
ART_DATA/opensearch_data/nodes/0/indices/Pdf1-1vYQ_6s0J7bB6V0NQ/0/translog/
ART_DATA/opensearch_data/nodes/0/indices/Pdf1-1vYQ_6s0J7bB6V0NQ/0/translog/translog-2.tlog
ART_DATA/opensearch_data/nodes/0/indices/Pdf1-1vYQ_6s0J7bB6V0NQ/0/translog/translog.ckp
ART_DATA/opensearch_data/nodes/0/indices/Pdf1-1vYQ_6s0J7bB6V0NQ/_state/
ART_DATA/opensearch_data/nodes/0/indices/Pdf1-1vYQ_6s0J7bB6V0NQ/_state/state-1.st
ART_DATA/opensearch_data/nodes/0/indices/PhEY5jZSQrWwybqUUjiFPw/
ART_DATA/opensearch_data/nodes/0/indices/PhEY5jZSQrWwybqUUjiFPw/0/
ART_DATA/opensearch_data/nodes/0/indices/PhEY5jZSQrWwybqUUjiFPw/0/_state/
ART_DATA/opensearch_data/nodes/0/indices/PhEY5jZSQrWwybqUUjiFPw/0/_state/retention-leases-0.st
ART_DATA/opensearch_data/nodes/0/indices/PhEY5jZSQrWwybqUUjiFPw/0/_state/state-0.st
ART_DATA/opensearch_data/nodes/0/indices/PhEY5jZSQrWwybqUUjiFPw/0/index/
ART_DATA/opensearch_data/nodes/0/indices/PhEY5jZSQrWwybqUUjiFPw/0/index/segments_2
ART_DATA/opensearch_data/nodes/0/indices/PhEY5jZSQrWwybqUUjiFPw/0/index/write.lock
ART_DATA/opensearch_data/nodes/0/indices/PhEY5jZSQrWwybqUUjiFPw/0/translog/
ART_DATA/opensearch_data/nodes/0/indices/PhEY5jZSQrWwybqUUjiFPw/0/translog/translog-2.tlog
ART_DATA/opensearch_data/nodes/0/indices/PhEY5jZSQrWwybqUUjiFPw/0/translog/translog.ckp
ART_DATA/opensearch_data/nodes/0/indices/PhEY5jZSQrWwybqUUjiFPw/1/
ART_DATA/opensearch_data/nodes/0/indices/PhEY5jZSQrWwybqUUjiFPw/1/_state/
ART_DATA/opensearch_data/nodes/0/indices/PhEY5jZSQrWwybqUUjiFPw/1/_state/retention-leases-0.st
ART_DATA/opensearch_data/nodes/0/indices/PhEY5jZSQrWwybqUUjiFPw/1/_state/state-0.st
ART_DATA/opensearch_data/nodes/0/indices/PhEY5jZSQrWwybqUUjiFPw/1/index/
ART_DATA/opensearch_data/nodes/0/indices/PhEY5jZSQrWwybqUUjiFPw/1/index/segments_2
ART_DATA/opensearch_data/nodes/0/indices/PhEY5jZSQrWwybqUUjiFPw/1/index/write.lock
ART_DATA/opensearch_data/nodes/0/indices/PhEY5jZSQrWwybqUUjiFPw/1/translog/
ART_DATA/opensearch_data/nodes/0/indices/PhEY5jZSQrWwybqUUjiFPw/1/translog/translog-2.tlog
ART_DATA/opensearch_data/nodes/0/indices/PhEY5jZSQrWwybqUUjiFPw/1/translog/translog.ckp
ART_DATA/opensearch_data/nodes/0/indices/PhEY5jZSQrWwybqUUjiFPw/2/
ART_DATA/opensearch_data/nodes/0/indices/PhEY5jZSQrWwybqUUjiFPw/2/_state/
ART_DATA/opensearch_data/nodes/0/indices/PhEY5jZSQrWwybqUUjiFPw/2/_state/retention-leases-0.st
ART_DATA/opensearch_data/nodes/0/indices/PhEY5jZSQrWwybqUUjiFPw/2/_state/state-0.st
ART_DATA/opensearch_data/nodes/0/indices/PhEY5jZSQrWwybqUUjiFPw/2/index/
ART_DATA/opensearch_data/nodes/0/indices/PhEY5jZSQrWwybqUUjiFPw/2/index/segments_2
ART_DATA/opensearch_data/nodes/0/indices/PhEY5jZSQrWwybqUUjiFPw/2/index/write.lock
ART_DATA/opensearch_data/nodes/0/indices/PhEY5jZSQrWwybqUUjiFPw/2/translog/
ART_DATA/opensearch_data/nodes/0/indices/PhEY5jZSQrWwybqUUjiFPw/2/translog/translog-2.tlog
ART_DATA/opensearch_data/nodes/0/indices/PhEY5jZSQrWwybqUUjiFPw/2/translog/translog.ckp
ART_DATA/opensearch_data/nodes/0/indices/PhEY5jZSQrWwybqUUjiFPw/3/
ART_DATA/opensearch_data/nodes/0/indices/PhEY5jZSQrWwybqUUjiFPw/3/_state/
ART_DATA/opensearch_data/nodes/0/indices/PhEY5jZSQrWwybqUUjiFPw/3/_state/retention-leases-0.st
ART_DATA/opensearch_data/nodes/0/indices/PhEY5jZSQrWwybqUUjiFPw/3/_state/state-0.st
ART_DATA/opensearch_data/nodes/0/indices/PhEY5jZSQrWwybqUUjiFPw/3/index/
ART_DATA/opensearch_data/nodes/0/indices/PhEY5jZSQrWwybqUUjiFPw/3/index/segments_2
ART_DATA/opensearch_data/nodes/0/indices/PhEY5jZSQrWwybqUUjiFPw/3/index/write.lock
ART_DATA/opensearch_data/nodes/0/indices/PhEY5jZSQrWwybqUUjiFPw/3/translog/
ART_DATA/opensearch_data/nodes/0/indices/PhEY5jZSQrWwybqUUjiFPw/3/translog/translog-2.tlog
ART_DATA/opensearch_data/nodes/0/indices/PhEY5jZSQrWwybqUUjiFPw/3/translog/translog.ckp
ART_DATA/opensearch_data/nodes/0/indices/PhEY5jZSQrWwybqUUjiFPw/4/
ART_DATA/opensearch_data/nodes/0/indices/PhEY5jZSQrWwybqUUjiFPw/4/_state/
ART_DATA/opensearch_data/nodes/0/indices/PhEY5jZSQrWwybqUUjiFPw/4/_state/retention-leases-0.st
ART_DATA/opensearch_data/nodes/0/indices/PhEY5jZSQrWwybqUUjiFPw/4/_state/state-0.st
ART_DATA/opensearch_data/nodes/0/indices/PhEY5jZSQrWwybqUUjiFPw/4/index/
ART_DATA/opensearch_data/nodes/0/indices/PhEY5jZSQrWwybqUUjiFPw/4/index/segments_2
ART_DATA/opensearch_data/nodes/0/indices/PhEY5jZSQrWwybqUUjiFPw/4/index/write.lock
ART_DATA/opensearch_data/nodes/0/indices/PhEY5jZSQrWwybqUUjiFPw/4/translog/
ART_DATA/opensearch_data/nodes/0/indices/PhEY5jZSQrWwybqUUjiFPw/4/translog/translog-2.tlog
ART_DATA/opensearch_data/nodes/0/indices/PhEY5jZSQrWwybqUUjiFPw/4/translog/translog.ckp
ART_DATA/opensearch_data/nodes/0/indices/PhEY5jZSQrWwybqUUjiFPw/_state/
ART_DATA/opensearch_data/nodes/0/indices/PhEY5jZSQrWwybqUUjiFPw/_state/state-4.st
ART_DATA/opensearch_data/nodes/0/indices/R8_yxH9NSFiSoWgPeqUNfg/
ART_DATA/opensearch_data/nodes/0/indices/R8_yxH9NSFiSoWgPeqUNfg/0/
ART_DATA/opensearch_data/nodes/0/indices/R8_yxH9NSFiSoWgPeqUNfg/0/_state/
ART_DATA/opensearch_data/nodes/0/indices/R8_yxH9NSFiSoWgPeqUNfg/0/_state/retention-leases-1.st
ART_DATA/opensearch_data/nodes/0/indices/R8_yxH9NSFiSoWgPeqUNfg/0/_state/state-0.st
ART_DATA/opensearch_data/nodes/0/indices/R8_yxH9NSFiSoWgPeqUNfg/0/index/
ART_DATA/opensearch_data/nodes/0/indices/R8_yxH9NSFiSoWgPeqUNfg/0/index/_0.cfe
ART_DATA/opensearch_data/nodes/0/indices/R8_yxH9NSFiSoWgPeqUNfg/0/index/_0.cfs
ART_DATA/opensearch_data/nodes/0/indices/R8_yxH9NSFiSoWgPeqUNfg/0/index/_0.si
ART_DATA/opensearch_data/nodes/0/indices/R8_yxH9NSFiSoWgPeqUNfg/0/index/segments_2
ART_DATA/opensearch_data/nodes/0/indices/R8_yxH9NSFiSoWgPeqUNfg/0/index/write.lock
ART_DATA/opensearch_data/nodes/0/indices/R8_yxH9NSFiSoWgPeqUNfg/0/translog/
ART_DATA/opensearch_data/nodes/0/indices/R8_yxH9NSFiSoWgPeqUNfg/0/translog/translog-2.tlog
ART_DATA/opensearch_data/nodes/0/indices/R8_yxH9NSFiSoWgPeqUNfg/0/translog/translog.ckp
ART_DATA/opensearch_data/nodes/0/indices/R8_yxH9NSFiSoWgPeqUNfg/_state/
ART_DATA/opensearch_data/nodes/0/indices/R8_yxH9NSFiSoWgPeqUNfg/_state/state-1.st
ART_DATA/opensearch_data/nodes/0/indices/dOERjhLfTqKjb8qVGU3Olg/
ART_DATA/opensearch_data/nodes/0/indices/dOERjhLfTqKjb8qVGU3Olg/0/
ART_DATA/opensearch_data/nodes/0/indices/dOERjhLfTqKjb8qVGU3Olg/0/_state/
ART_DATA/opensearch_data/nodes/0/indices/dOERjhLfTqKjb8qVGU3Olg/0/_state/retention-leases-1.st
ART_DATA/opensearch_data/nodes/0/indices/dOERjhLfTqKjb8qVGU3Olg/0/_state/state-0.st
ART_DATA/opensearch_data/nodes/0/indices/dOERjhLfTqKjb8qVGU3Olg/0/index/
ART_DATA/opensearch_data/nodes/0/indices/dOERjhLfTqKjb8qVGU3Olg/0/index/_0.cfe
ART_DATA/opensearch_data/nodes/0/indices/dOERjhLfTqKjb8qVGU3Olg/0/index/_0.cfs
ART_DATA/opensearch_data/nodes/0/indices/dOERjhLfTqKjb8qVGU3Olg/0/index/_0.si
ART_DATA/opensearch_data/nodes/0/indices/dOERjhLfTqKjb8qVGU3Olg/0/index/_0_2.fnm
ART_DATA/opensearch_data/nodes/0/indices/dOERjhLfTqKjb8qVGU3Olg/0/index/_0_2_Lucene90_0.dvd
ART_DATA/opensearch_data/nodes/0/indices/dOERjhLfTqKjb8qVGU3Olg/0/index/_0_2_Lucene90_0.dvm
ART_DATA/opensearch_data/nodes/0/indices/dOERjhLfTqKjb8qVGU3Olg/0/index/_1.cfe
ART_DATA/opensearch_data/nodes/0/indices/dOERjhLfTqKjb8qVGU3Olg/0/index/_1.cfs
ART_DATA/opensearch_data/nodes/0/indices/dOERjhLfTqKjb8qVGU3Olg/0/index/_1.si
ART_DATA/opensearch_data/nodes/0/indices/dOERjhLfTqKjb8qVGU3Olg/0/index/_1_2.fnm
ART_DATA/opensearch_data/nodes/0/indices/dOERjhLfTqKjb8qVGU3Olg/0/index/_1_2_Lucene90_0.dvd
ART_DATA/opensearch_data/nodes/0/indices/dOERjhLfTqKjb8qVGU3Olg/0/index/_1_2_Lucene90_0.dvm
ART_DATA/opensearch_data/nodes/0/indices/dOERjhLfTqKjb8qVGU3Olg/0/index/_2.cfe
ART_DATA/opensearch_data/nodes/0/indices/dOERjhLfTqKjb8qVGU3Olg/0/index/_2.cfs
ART_DATA/opensearch_data/nodes/0/indices/dOERjhLfTqKjb8qVGU3Olg/0/index/_2.si
ART_DATA/opensearch_data/nodes/0/indices/dOERjhLfTqKjb8qVGU3Olg/0/index/_2_1.fnm
ART_DATA/opensearch_data/nodes/0/indices/dOERjhLfTqKjb8qVGU3Olg/0/index/_2_1_Lucene90_0.dvd
ART_DATA/opensearch_data/nodes/0/indices/dOERjhLfTqKjb8qVGU3Olg/0/index/_2_1_Lucene90_0.dvm
ART_DATA/opensearch_data/nodes/0/indices/dOERjhLfTqKjb8qVGU3Olg/0/index/_3.cfe
ART_DATA/opensearch_data/nodes/0/indices/dOERjhLfTqKjb8qVGU3Olg/0/index/_3.cfs
ART_DATA/opensearch_data/nodes/0/indices/dOERjhLfTqKjb8qVGU3Olg/0/index/_3.si
ART_DATA/opensearch_data/nodes/0/indices/dOERjhLfTqKjb8qVGU3Olg/0/index/_4.cfe
ART_DATA/opensearch_data/nodes/0/indices/dOERjhLfTqKjb8qVGU3Olg/0/index/_4.cfs
ART_DATA/opensearch_data/nodes/0/indices/dOERjhLfTqKjb8qVGU3Olg/0/index/_4.si
ART_DATA/opensearch_data/nodes/0/indices/dOERjhLfTqKjb8qVGU3Olg/0/index/_4_1.fnm
ART_DATA/opensearch_data/nodes/0/indices/dOERjhLfTqKjb8qVGU3Olg/0/index/_4_1_Lucene90_0.dvd
ART_DATA/opensearch_data/nodes/0/indices/dOERjhLfTqKjb8qVGU3Olg/0/index/_4_1_Lucene90_0.dvm
ART_DATA/opensearch_data/nodes/0/indices/dOERjhLfTqKjb8qVGU3Olg/0/index/segments_2
ART_DATA/opensearch_data/nodes/0/indices/dOERjhLfTqKjb8qVGU3Olg/0/index/write.lock
ART_DATA/opensearch_data/nodes/0/indices/dOERjhLfTqKjb8qVGU3Olg/0/translog/
ART_DATA/opensearch_data/nodes/0/indices/dOERjhLfTqKjb8qVGU3Olg/0/translog/translog-2.tlog
ART_DATA/opensearch_data/nodes/0/indices/dOERjhLfTqKjb8qVGU3Olg/0/translog/translog.ckp
ART_DATA/opensearch_data/nodes/0/indices/dOERjhLfTqKjb8qVGU3Olg/_state/
ART_DATA/opensearch_data/nodes/0/indices/dOERjhLfTqKjb8qVGU3Olg/_state/state-3.st
ART_DATA/post_data/
ART_DATA/redis_data_v2/
ART_DATA/rubocop_cache/

sent 9,790,030 bytes  received 3,869 bytes  1,506,753.69 bytes/sec
total size is 9,772,544  speedup is 1.00
