Dump file found at /home/yagdrassyl/Documents/External/e621ng-personal/dump/pg_dump.sql
Restoring database from dump file
SET
SET
SET
SET
SET
 set_config 
------------
 
(1 row)

SET
SET
SET
SET
ERROR:  duplicate key value violates unique constraint "ar_internal_metadata_pkey"
DETAIL:  Key (key)=(environment) already exists.
ERROR:  duplicate key value violates unique constraint "ar_internal_metadata_pkey"
DETAIL:  Key (key)=(schema_sha1) already exists.
ERROR:  duplicate key value violates unique constraint "artist_urls_pkey"
DETAIL:  Key (id)=(1) already exists.
ERROR:  duplicate key value violates unique constraint "artist_urls_pkey"
DETAIL:  Key (id)=(2) already exists.
ERROR:  duplicate key value violates unique constraint "artist_urls_pkey"
DETAIL:  Key (id)=(3) already exists.
ERROR:  duplicate key value violates unique constraint "artist_urls_pkey"
DETAIL:  Key (id)=(4) already exists.
ERROR:  duplicate key value violates unique constraint "artist_versions_pkey"
DETAIL:  Key (id)=(1) already exists.
ERROR:  duplicate key value violates unique constraint "artist_versions_pkey"
DETAIL:  Key (id)=(2) already exists.
ERROR:  duplicate key value violates unique constraint "artists_pkey"
DETAIL:  Key (id)=(1) already exists.
ERROR:  duplicate key value violates unique constraint "artists_pkey"
DETAIL:  Key (id)=(2) already exists.
ERROR:  duplicate key value violates unique constraint "users_pkey"
DETAIL:  Key (id)=(2) already exists.
ERROR:  duplicate key value violates unique constraint "users_pkey"
DETAIL:  Key (id)=(1) already exists.
ERROR:  duplicate key value violates unique constraint "bulk_update_requests_pkey"
DETAIL:  Key (id)=(1) already exists.
ERROR:  duplicate key value violates unique constraint "bulk_update_requests_pkey"
DETAIL:  Key (id)=(2) already exists.
ERROR:  duplicate key value violates unique constraint "posts_pkey"
DETAIL:  Key (id)=(1) already exists.
ERROR:  duplicate key value violates unique constraint "forum_categories_pkey"
DETAIL:  Key (id)=(1) already exists.
ERROR:  duplicate key value violates unique constraint "mascots_pkey"
DETAIL:  Key (id)=(1) already exists.
ERROR:  duplicate key value violates unique constraint "mod_actions_pkey"
DETAIL:  Key (id)=(1) already exists.
ERROR:  duplicate key value violates unique constraint "mod_actions_pkey"
DETAIL:  Key (id)=(2) already exists.
ERROR:  duplicate key value violates unique constraint "mod_actions_pkey"
DETAIL:  Key (id)=(3) already exists.
ERROR:  duplicate key value violates unique constraint "mod_actions_pkey"
DETAIL:  Key (id)=(4) already exists.
ERROR:  duplicate key value violates unique constraint "mod_actions_pkey"
DETAIL:  Key (id)=(5) already exists.
ERROR:  duplicate key value violates unique constraint "mod_actions_pkey"
DETAIL:  Key (id)=(6) already exists.
ERROR:  duplicate key value violates unique constraint "mod_actions_pkey"
DETAIL:  Key (id)=(7) already exists.
ERROR:  duplicate key value violates unique constraint "mod_actions_pkey"
DETAIL:  Key (id)=(8) already exists.
ERROR:  duplicate key value violates unique constraint "mod_actions_pkey"
DETAIL:  Key (id)=(9) already exists.
ERROR:  duplicate key value violates unique constraint "mod_actions_pkey"
DETAIL:  Key (id)=(10) already exists.
ERROR:  duplicate key value violates unique constraint "mod_actions_pkey"
DETAIL:  Key (id)=(11) already exists.
ERROR:  duplicate key value violates unique constraint "mod_actions_pkey"
DETAIL:  Key (id)=(12) already exists.
ERROR:  duplicate key value violates unique constraint "mod_actions_pkey"
DETAIL:  Key (id)=(13) already exists.
ERROR:  duplicate key value violates unique constraint "mod_actions_pkey"
DETAIL:  Key (id)=(14) already exists.
ERROR:  duplicate key value violates unique constraint "mod_actions_pkey"
DETAIL:  Key (id)=(15) already exists.
ERROR:  duplicate key value violates unique constraint "mod_actions_pkey"
DETAIL:  Key (id)=(16) already exists.
ERROR:  duplicate key value violates unique constraint "mod_actions_pkey"
DETAIL:  Key (id)=(17) already exists.
ERROR:  duplicate key value violates unique constraint "mod_actions_pkey"
DETAIL:  Key (id)=(18) already exists.
ERROR:  duplicate key value violates unique constraint "mod_actions_pkey"
DETAIL:  Key (id)=(19) already exists.
ERROR:  duplicate key value violates unique constraint "mod_actions_pkey"
DETAIL:  Key (id)=(20) already exists.
ERROR:  duplicate key value violates unique constraint "mod_actions_pkey"
DETAIL:  Key (id)=(21) already exists.
ERROR:  duplicate key value violates unique constraint "mod_actions_pkey"
DETAIL:  Key (id)=(22) already exists.
ERROR:  duplicate key value violates unique constraint "mod_actions_pkey"
DETAIL:  Key (id)=(23) already exists.
ERROR:  duplicate key value violates unique constraint "mod_actions_pkey"
DETAIL:  Key (id)=(24) already exists.
ERROR:  duplicate key value violates unique constraint "mod_actions_pkey"
DETAIL:  Key (id)=(25) already exists.
ERROR:  duplicate key value violates unique constraint "mod_actions_pkey"
DETAIL:  Key (id)=(26) already exists.
ERROR:  duplicate key value violates unique constraint "mod_actions_pkey"
DETAIL:  Key (id)=(27) already exists.
ERROR:  duplicate key value violates unique constraint "mod_actions_pkey"
DETAIL:  Key (id)=(28) already exists.
ERROR:  duplicate key value violates unique constraint "mod_actions_pkey"
DETAIL:  Key (id)=(29) already exists.
ERROR:  duplicate key value violates unique constraint "mod_actions_pkey"
DETAIL:  Key (id)=(30) already exists.
ERROR:  duplicate key value violates unique constraint "mod_actions_pkey"
DETAIL:  Key (id)=(31) already exists.
ERROR:  duplicate key value violates unique constraint "mod_actions_pkey"
DETAIL:  Key (id)=(32) already exists.
ERROR:  duplicate key value violates unique constraint "mod_actions_pkey"
DETAIL:  Key (id)=(33) already exists.
ERROR:  duplicate key value violates unique constraint "mod_actions_pkey"
DETAIL:  Key (id)=(34) already exists.
ERROR:  duplicate key value violates unique constraint "mod_actions_pkey"
DETAIL:  Key (id)=(35) already exists.
ERROR:  duplicate key value violates unique constraint "mod_actions_pkey"
DETAIL:  Key (id)=(36) already exists.
ERROR:  duplicate key value violates unique constraint "mod_actions_pkey"
DETAIL:  Key (id)=(37) already exists.
ERROR:  duplicate key value violates unique constraint "mod_actions_pkey"
DETAIL:  Key (id)=(38) already exists.
ERROR:  duplicate key value violates unique constraint "mod_actions_pkey"
DETAIL:  Key (id)=(39) already exists.
ERROR:  duplicate key value violates unique constraint "mod_actions_pkey"
DETAIL:  Key (id)=(40) already exists.
ERROR:  duplicate key value violates unique constraint "mod_actions_pkey"
DETAIL:  Key (id)=(41) already exists.
ERROR:  duplicate key value violates unique constraint "mod_actions_pkey"
DETAIL:  Key (id)=(42) already exists.
ERROR:  duplicate key value violates unique constraint "mod_actions_pkey"
DETAIL:  Key (id)=(43) already exists.
ERROR:  duplicate key value violates unique constraint "mod_actions_pkey"
DETAIL:  Key (id)=(44) already exists.
ERROR:  duplicate key value violates unique constraint "mod_actions_pkey"
DETAIL:  Key (id)=(45) already exists.
ERROR:  duplicate key value violates unique constraint "mod_actions_pkey"
DETAIL:  Key (id)=(46) already exists.
ERROR:  duplicate key value violates unique constraint "mod_actions_pkey"
DETAIL:  Key (id)=(47) already exists.
ERROR:  duplicate key value violates unique constraint "mod_actions_pkey"
DETAIL:  Key (id)=(48) already exists.
ERROR:  duplicate key value violates unique constraint "mod_actions_pkey"
DETAIL:  Key (id)=(49) already exists.
ERROR:  duplicate key value violates unique constraint "mod_actions_pkey"
DETAIL:  Key (id)=(50) already exists.
ERROR:  duplicate key value violates unique constraint "mod_actions_pkey"
DETAIL:  Key (id)=(51) already exists.
ERROR:  duplicate key value violates unique constraint "mod_actions_pkey"
DETAIL:  Key (id)=(52) already exists.
ERROR:  duplicate key value violates unique constraint "mod_actions_pkey"
DETAIL:  Key (id)=(53) already exists.
ERROR:  duplicate key value violates unique constraint "mod_actions_pkey"
DETAIL:  Key (id)=(54) already exists.
ERROR:  duplicate key value violates unique constraint "mod_actions_pkey"
DETAIL:  Key (id)=(55) already exists.
ERROR:  duplicate key value violates unique constraint "mod_actions_pkey"
DETAIL:  Key (id)=(56) already exists.
ERROR:  duplicate key value violates unique constraint "mod_actions_pkey"
DETAIL:  Key (id)=(57) already exists.
ERROR:  duplicate key value violates unique constraint "mod_actions_pkey"
DETAIL:  Key (id)=(58) already exists.
ERROR:  duplicate key value violates unique constraint "mod_actions_pkey"
DETAIL:  Key (id)=(59) already exists.
ERROR:  duplicate key value violates unique constraint "mod_actions_pkey"
DETAIL:  Key (id)=(60) already exists.
ERROR:  duplicate key value violates unique constraint "mod_actions_pkey"
DETAIL:  Key (id)=(61) already exists.
ERROR:  duplicate key value violates unique constraint "mod_actions_pkey"
DETAIL:  Key (id)=(62) already exists.
ERROR:  duplicate key value violates unique constraint "mod_actions_pkey"
DETAIL:  Key (id)=(67) already exists.
ERROR:  duplicate key value violates unique constraint "mod_actions_pkey"
DETAIL:  Key (id)=(82) already exists.
ERROR:  duplicate key value violates unique constraint "mod_actions_pkey"
DETAIL:  Key (id)=(87) already exists.
ERROR:  duplicate key value violates unique constraint "mod_actions_pkey"
DETAIL:  Key (id)=(88) already exists.
ERROR:  duplicate key value violates unique constraint "mod_actions_pkey"
DETAIL:  Key (id)=(93) already exists.
ERROR:  duplicate key value violates unique constraint "mod_actions_pkey"
DETAIL:  Key (id)=(100) already exists.
ERROR:  duplicate key value violates unique constraint "mod_actions_pkey"
DETAIL:  Key (id)=(106) already exists.
ERROR:  duplicate key value violates unique constraint "mod_actions_pkey"
DETAIL:  Key (id)=(109) already exists.
ERROR:  duplicate key value violates unique constraint "mod_actions_pkey"
DETAIL:  Key (id)=(112) already exists.
ERROR:  duplicate key value violates unique constraint "mod_actions_pkey"
DETAIL:  Key (id)=(117) already exists.
ERROR:  duplicate key value violates unique constraint "mod_actions_pkey"
DETAIL:  Key (id)=(123) already exists.
ERROR:  duplicate key value violates unique constraint "mod_actions_pkey"
DETAIL:  Key (id)=(124) already exists.
ERROR:  duplicate key value violates unique constraint "mod_actions_pkey"
DETAIL:  Key (id)=(125) already exists.
ERROR:  duplicate key value violates unique constraint "mod_actions_pkey"
DETAIL:  Key (id)=(63) already exists.
ERROR:  duplicate key value violates unique constraint "mod_actions_pkey"
DETAIL:  Key (id)=(69) already exists.
ERROR:  duplicate key value violates unique constraint "mod_actions_pkey"
DETAIL:  Key (id)=(74) already exists.
ERROR:  duplicate key value violates unique constraint "mod_actions_pkey"
DETAIL:  Key (id)=(77) already exists.
ERROR:  duplicate key value violates unique constraint "mod_actions_pkey"
DETAIL:  Key (id)=(78) already exists.
ERROR:  duplicate key value violates unique constraint "mod_actions_pkey"
DETAIL:  Key (id)=(84) already exists.
ERROR:  duplicate key value violates unique constraint "mod_actions_pkey"
DETAIL:  Key (id)=(92) already exists.
ERROR:  duplicate key value violates unique constraint "mod_actions_pkey"
DETAIL:  Key (id)=(97) already exists.
ERROR:  duplicate key value violates unique constraint "mod_actions_pkey"
DETAIL:  Key (id)=(98) already exists.
ERROR:  duplicate key value violates unique constraint "mod_actions_pkey"
DETAIL:  Key (id)=(102) already exists.
ERROR:  duplicate key value violates unique constraint "mod_actions_pkey"
DETAIL:  Key (id)=(118) already exists.
ERROR:  duplicate key value violates unique constraint "mod_actions_pkey"
DETAIL:  Key (id)=(122) already exists.
ERROR:  duplicate key value violates unique constraint "mod_actions_pkey"
DETAIL:  Key (id)=(64) already exists.
ERROR:  duplicate key value violates unique constraint "mod_actions_pkey"
DETAIL:  Key (id)=(68) already exists.
ERROR:  duplicate key value violates unique constraint "mod_actions_pkey"
DETAIL:  Key (id)=(80) already exists.
ERROR:  duplicate key value violates unique constraint "mod_actions_pkey"
DETAIL:  Key (id)=(85) already exists.
ERROR:  duplicate key value violates unique constraint "mod_actions_pkey"
DETAIL:  Key (id)=(90) already exists.
ERROR:  duplicate key value violates unique constraint "mod_actions_pkey"
DETAIL:  Key (id)=(94) already exists.
ERROR:  duplicate key value violates unique constraint "mod_actions_pkey"
DETAIL:  Key (id)=(101) already exists.
ERROR:  duplicate key value violates unique constraint "mod_actions_pkey"
DETAIL:  Key (id)=(105) already exists.
ERROR:  duplicate key value violates unique constraint "mod_actions_pkey"
DETAIL:  Key (id)=(110) already exists.
ERROR:  duplicate key value violates unique constraint "mod_actions_pkey"
DETAIL:  Key (id)=(113) already exists.
ERROR:  duplicate key value violates unique constraint "mod_actions_pkey"
DETAIL:  Key (id)=(114) already exists.
ERROR:  duplicate key value violates unique constraint "mod_actions_pkey"
DETAIL:  Key (id)=(119) already exists.
ERROR:  duplicate key value violates unique constraint "mod_actions_pkey"
DETAIL:  Key (id)=(65) already exists.
ERROR:  duplicate key value violates unique constraint "mod_actions_pkey"
DETAIL:  Key (id)=(71) already exists.
ERROR:  duplicate key value violates unique constraint "mod_actions_pkey"
DETAIL:  Key (id)=(72) already exists.
ERROR:  duplicate key value violates unique constraint "mod_actions_pkey"
DETAIL:  Key (id)=(75) already exists.
ERROR:  duplicate key value violates unique constraint "mod_actions_pkey"
DETAIL:  Key (id)=(79) already exists.
ERROR:  duplicate key value violates unique constraint "mod_actions_pkey"
DETAIL:  Key (id)=(83) already exists.
ERROR:  duplicate key value violates unique constraint "mod_actions_pkey"
DETAIL:  Key (id)=(91) already exists.
ERROR:  duplicate key value violates unique constraint "mod_actions_pkey"
DETAIL:  Key (id)=(96) already exists.
ERROR:  duplicate key value violates unique constraint "mod_actions_pkey"
DETAIL:  Key (id)=(103) already exists.
ERROR:  duplicate key value violates unique constraint "mod_actions_pkey"
DETAIL:  Key (id)=(107) already exists.
ERROR:  duplicate key value violates unique constraint "mod_actions_pkey"
DETAIL:  Key (id)=(108) already exists.
ERROR:  duplicate key value violates unique constraint "mod_actions_pkey"
DETAIL:  Key (id)=(111) already exists.
ERROR:  duplicate key value violates unique constraint "mod_actions_pkey"
DETAIL:  Key (id)=(116) already exists.
ERROR:  duplicate key value violates unique constraint "mod_actions_pkey"
DETAIL:  Key (id)=(120) already exists.
ERROR:  duplicate key value violates unique constraint "mod_actions_pkey"
DETAIL:  Key (id)=(66) already exists.
ERROR:  duplicate key value violates unique constraint "mod_actions_pkey"
DETAIL:  Key (id)=(70) already exists.
ERROR:  duplicate key value violates unique constraint "mod_actions_pkey"
DETAIL:  Key (id)=(73) already exists.
ERROR:  duplicate key value violates unique constraint "mod_actions_pkey"
DETAIL:  Key (id)=(76) already exists.
ERROR:  duplicate key value violates unique constraint "mod_actions_pkey"
DETAIL:  Key (id)=(81) already exists.
ERROR:  duplicate key value violates unique constraint "mod_actions_pkey"
DETAIL:  Key (id)=(86) already exists.
ERROR:  duplicate key value violates unique constraint "mod_actions_pkey"
DETAIL:  Key (id)=(89) already exists.
ERROR:  duplicate key value violates unique constraint "mod_actions_pkey"
DETAIL:  Key (id)=(95) already exists.
ERROR:  duplicate key value violates unique constraint "mod_actions_pkey"
DETAIL:  Key (id)=(99) already exists.
ERROR:  duplicate key value violates unique constraint "mod_actions_pkey"
DETAIL:  Key (id)=(104) already exists.
ERROR:  duplicate key value violates unique constraint "mod_actions_pkey"
DETAIL:  Key (id)=(115) already exists.
ERROR:  duplicate key value violates unique constraint "mod_actions_pkey"
DETAIL:  Key (id)=(121) already exists.
ERROR:  duplicate key value violates unique constraint "post_versions_pkey"
DETAIL:  Key (id)=(1) already exists.
ERROR:  duplicate key value violates unique constraint "schema_migrations_pkey"
DETAIL:  Key (version)=(20240726170041) already exists.
ERROR:  duplicate key value violates unique constraint "schema_migrations_pkey"
DETAIL:  Key (version)=(20240709134926) already exists.
ERROR:  duplicate key value violates unique constraint "schema_migrations_pkey"
DETAIL:  Key (version)=(20240706061122) already exists.
ERROR:  duplicate key value violates unique constraint "schema_migrations_pkey"
DETAIL:  Key (version)=(20240103002049) already exists.
ERROR:  duplicate key value violates unique constraint "schema_migrations_pkey"
DETAIL:  Key (version)=(20240103002040) already exists.
ERROR:  duplicate key value violates unique constraint "schema_migrations_pkey"
DETAIL:  Key (version)=(20240101042716) already exists.
ERROR:  duplicate key value violates unique constraint "schema_migrations_pkey"
DETAIL:  Key (version)=(20230531080817) already exists.
ERROR:  duplicate key value violates unique constraint "schema_migrations_pkey"
DETAIL:  Key (version)=(20230518182034) already exists.
ERROR:  duplicate key value violates unique constraint "schema_migrations_pkey"
DETAIL:  Key (version)=(20230517155547) already exists.
ERROR:  duplicate key value violates unique constraint "schema_migrations_pkey"
DETAIL:  Key (version)=(20230513074838) already exists.
ERROR:  duplicate key value violates unique constraint "schema_migrations_pkey"
DETAIL:  Key (version)=(20230506161827) already exists.
ERROR:  duplicate key value violates unique constraint "schema_migrations_pkey"
DETAIL:  Key (version)=(20230316084945) already exists.
ERROR:  duplicate key value violates unique constraint "schema_migrations_pkey"
DETAIL:  Key (version)=(20230314170352) already exists.
ERROR:  duplicate key value violates unique constraint "schema_migrations_pkey"
DETAIL:  Key (version)=(20230312103728) already exists.
ERROR:  duplicate key value violates unique constraint "schema_migrations_pkey"
DETAIL:  Key (version)=(20230226152600) already exists.
ERROR:  duplicate key value violates unique constraint "schema_migrations_pkey"
DETAIL:  Key (version)=(20230221153458) already exists.
ERROR:  duplicate key value violates unique constraint "schema_migrations_pkey"
DETAIL:  Key (version)=(20230221145226) already exists.
ERROR:  duplicate key value violates unique constraint "schema_migrations_pkey"
DETAIL:  Key (version)=(20230219115601) already exists.
ERROR:  duplicate key value violates unique constraint "schema_migrations_pkey"
DETAIL:  Key (version)=(20230210092829) already exists.
ERROR:  duplicate key value violates unique constraint "schema_migrations_pkey"
DETAIL:  Key (version)=(20230204141325) already exists.
ERROR:  duplicate key value violates unique constraint "schema_migrations_pkey"
DETAIL:  Key (version)=(20230203162010) already exists.
ERROR:  duplicate key value violates unique constraint "schema_migrations_pkey"
DETAIL:  Key (version)=(20221014085948) already exists.
ERROR:  duplicate key value violates unique constraint "schema_migrations_pkey"
DETAIL:  Key (version)=(20220810131625) already exists.
ERROR:  duplicate key value violates unique constraint "schema_migrations_pkey"
DETAIL:  Key (version)=(20220710133556) already exists.
ERROR:  duplicate key value violates unique constraint "schema_migrations_pkey"
DETAIL:  Key (version)=(20220516103329) already exists.
ERROR:  duplicate key value violates unique constraint "schema_migrations_pkey"
DETAIL:  Key (version)=(20220316162257) already exists.
ERROR:  duplicate key value violates unique constraint "schema_migrations_pkey"
DETAIL:  Key (version)=(20220219202441) already exists.
ERROR:  duplicate key value violates unique constraint "schema_migrations_pkey"
DETAIL:  Key (version)=(20220203154846) already exists.
ERROR:  duplicate key value violates unique constraint "schema_migrations_pkey"
DETAIL:  Key (version)=(20220106081415) already exists.
ERROR:  duplicate key value violates unique constraint "schema_migrations_pkey"
DETAIL:  Key (version)=(20210718172512) already exists.
ERROR:  duplicate key value violates unique constraint "schema_migrations_pkey"
DETAIL:  Key (version)=(20210625155528) already exists.
ERROR:  duplicate key value violates unique constraint "schema_migrations_pkey"
DETAIL:  Key (version)=(20210506235640) already exists.
ERROR:  duplicate key value violates unique constraint "schema_migrations_pkey"
DETAIL:  Key (version)=(20210430201028) already exists.
ERROR:  duplicate key value violates unique constraint "schema_migrations_pkey"
DETAIL:  Key (version)=(20210426025625) already exists.
ERROR:  duplicate key value violates unique constraint "schema_migrations_pkey"
DETAIL:  Key (version)=(20210425020131) already exists.
ERROR:  duplicate key value violates unique constraint "schema_migrations_pkey"
DETAIL:  Key (version)=(20210405040522) already exists.
ERROR:  duplicate key value violates unique constraint "schema_migrations_pkey"
DETAIL:  Key (version)=(20210117173030) already exists.
ERROR:  duplicate key value violates unique constraint "schema_migrations_pkey"
DETAIL:  Key (version)=(20201220190335) already exists.
ERROR:  duplicate key value violates unique constraint "schema_migrations_pkey"
DETAIL:  Key (version)=(20201220172926) already exists.
ERROR:  duplicate key value violates unique constraint "schema_migrations_pkey"
DETAIL:  Key (version)=(20201113073842) already exists.
ERROR:  duplicate key value violates unique constraint "schema_migrations_pkey"
DETAIL:  Key (version)=(20200910015420) already exists.
ERROR:  duplicate key value violates unique constraint "schema_migrations_pkey"
DETAIL:  Key (version)=(20200806101238) already exists.
ERROR:  duplicate key value violates unique constraint "schema_migrations_pkey"
DETAIL:  Key (version)=(20200713053034) already exists.
ERROR:  duplicate key value violates unique constraint "schema_migrations_pkey"
DETAIL:  Key (version)=(20200420032714) already exists.
ERROR:  duplicate key value violates unique constraint "schema_migrations_pkey"
DETAIL:  Key (version)=(20200113022639) already exists.
ERROR:  duplicate key value violates unique constraint "schema_migrations_pkey"
DETAIL:  Key (version)=(20191231162515) already exists.
ERROR:  duplicate key value violates unique constraint "schema_migrations_pkey"
DETAIL:  Key (version)=(20191116032230) already exists.
ERROR:  duplicate key value violates unique constraint "schema_migrations_pkey"
DETAIL:  Key (version)=(20191013233447) already exists.
ERROR:  duplicate key value violates unique constraint "schema_migrations_pkey"
DETAIL:  Key (version)=(20191006143246) already exists.
ERROR:  duplicate key value violates unique constraint "schema_migrations_pkey"
DETAIL:  Key (version)=(20191006073950) already exists.
ERROR:  duplicate key value violates unique constraint "schema_migrations_pkey"
DETAIL:  Key (version)=(20191003070653) already exists.
ERROR:  duplicate key value violates unique constraint "schema_migrations_pkey"
DETAIL:  Key (version)=(20190924233432) already exists.
ERROR:  duplicate key value violates unique constraint "schema_migrations_pkey"
DETAIL:  Key (version)=(20190919213915) already exists.
ERROR:  duplicate key value violates unique constraint "schema_migrations_pkey"
DETAIL:  Key (version)=(20190916204908) already exists.
ERROR:  duplicate key value violates unique constraint "schema_migrations_pkey"
DETAIL:  Key (version)=(20190905111159) already exists.
ERROR:  duplicate key value violates unique constraint "schema_migrations_pkey"
DETAIL:  Key (version)=(20190829044313) already exists.
ERROR:  duplicate key value violates unique constraint "schema_migrations_pkey"
DETAIL:  Key (version)=(20190827233008) already exists.
ERROR:  duplicate key value violates unique constraint "schema_migrations_pkey"
DETAIL:  Key (version)=(20190827223818) already exists.
ERROR:  duplicate key value violates unique constraint "schema_migrations_pkey"
DETAIL:  Key (version)=(20190815131908) already exists.
ERROR:  duplicate key value violates unique constraint "schema_migrations_pkey"
DETAIL:  Key (version)=(20190810064211) already exists.
ERROR:  duplicate key value violates unique constraint "schema_migrations_pkey"
DETAIL:  Key (version)=(20190804010156) already exists.
ERROR:  duplicate key value violates unique constraint "schema_migrations_pkey"
DETAIL:  Key (version)=(20190801210547) already exists.
ERROR:  duplicate key value violates unique constraint "schema_migrations_pkey"
DETAIL:  Key (version)=(20190718201354) already exists.
ERROR:  duplicate key value violates unique constraint "schema_migrations_pkey"
DETAIL:  Key (version)=(20190717205018) already exists.
ERROR:  duplicate key value violates unique constraint "schema_migrations_pkey"
DETAIL:  Key (version)=(20190714122705) already exists.
ERROR:  duplicate key value violates unique constraint "schema_migrations_pkey"
DETAIL:  Key (version)=(20190623070654) already exists.
ERROR:  duplicate key value violates unique constraint "schema_migrations_pkey"
DETAIL:  Key (version)=(20190613025850) already exists.
ERROR:  duplicate key value violates unique constraint "schema_migrations_pkey"
DETAIL:  Key (version)=(20190604125828) already exists.
ERROR:  duplicate key value violates unique constraint "schema_migrations_pkey"
DETAIL:  Key (version)=(20190602115848) already exists.
ERROR:  duplicate key value violates unique constraint "schema_migrations_pkey"
DETAIL:  Key (version)=(20190510184245) already exists.
ERROR:  duplicate key value violates unique constraint "schema_migrations_pkey"
DETAIL:  Key (version)=(20190510184237) already exists.
ERROR:  duplicate key value violates unique constraint "schema_migrations_pkey"
DETAIL:  Key (version)=(20190430120155) already exists.
ERROR:  duplicate key value violates unique constraint "schema_migrations_pkey"
DETAIL:  Key (version)=(20190428132152) already exists.
ERROR:  duplicate key value violates unique constraint "schema_migrations_pkey"
DETAIL:  Key (version)=(20190427181805) already exists.
ERROR:  duplicate key value violates unique constraint "schema_migrations_pkey"
DETAIL:  Key (version)=(20190427163107) already exists.
ERROR:  duplicate key value violates unique constraint "schema_migrations_pkey"
DETAIL:  Key (version)=(20190418093745) already exists.
ERROR:  duplicate key value violates unique constraint "schema_migrations_pkey"
DETAIL:  Key (version)=(20190413055451) already exists.
ERROR:  duplicate key value violates unique constraint "schema_migrations_pkey"
DETAIL:  Key (version)=(20190410022203) already exists.
ERROR:  duplicate key value violates unique constraint "schema_migrations_pkey"
DETAIL:  Key (version)=(20190409195837) already exists.
ERROR:  duplicate key value violates unique constraint "schema_migrations_pkey"
DETAIL:  Key (version)=(20190403174011) already exists.
ERROR:  duplicate key value violates unique constraint "schema_migrations_pkey"
DETAIL:  Key (version)=(20190331193644) already exists.
ERROR:  duplicate key value violates unique constraint "schema_migrations_pkey"
DETAIL:  Key (version)=(20190324111703) already exists.
ERROR:  duplicate key value violates unique constraint "schema_migrations_pkey"
DETAIL:  Key (version)=(20190317024446) already exists.
ERROR:  duplicate key value violates unique constraint "schema_migrations_pkey"
DETAIL:  Key (version)=(20190313221440) already exists.
ERROR:  duplicate key value violates unique constraint "schema_migrations_pkey"
DETAIL:  Key (version)=(20190305165101) already exists.
ERROR:  duplicate key value violates unique constraint "schema_migrations_pkey"
DETAIL:  Key (version)=(20190228144206) already exists.
ERROR:  duplicate key value violates unique constraint "schema_migrations_pkey"
DETAIL:  Key (version)=(20190222082952) already exists.
ERROR:  duplicate key value violates unique constraint "schema_migrations_pkey"
DETAIL:  Key (version)=(20190220041928) already exists.
ERROR:  duplicate key value violates unique constraint "schema_migrations_pkey"
DETAIL:  Key (version)=(20190220025517) already exists.
ERROR:  duplicate key value violates unique constraint "schema_migrations_pkey"
DETAIL:  Key (version)=(20190214090126) already exists.
ERROR:  duplicate key value violates unique constraint "schema_migrations_pkey"
DETAIL:  Key (version)=(20190214040324) already exists.
ERROR:  duplicate key value violates unique constraint "schema_migrations_pkey"
DETAIL:  Key (version)=(20190209212716) already exists.
ERROR:  duplicate key value violates unique constraint "schema_migrations_pkey"
DETAIL:  Key (version)=(20190206023508) already exists.
ERROR:  duplicate key value violates unique constraint "schema_migrations_pkey"
DETAIL:  Key (version)=(20190202155518) already exists.
ERROR:  duplicate key value violates unique constraint "schema_migrations_pkey"
DETAIL:  Key (version)=(20190129012253) already exists.
ERROR:  duplicate key value violates unique constraint "schema_migrations_pkey"
DETAIL:  Key (version)=(20190109210822) already exists.
ERROR:  duplicate key value violates unique constraint "schema_migrations_pkey"
DETAIL:  Key (version)=(20181202172145) already exists.
ERROR:  duplicate key value violates unique constraint "schema_migrations_pkey"
DETAIL:  Key (version)=(20181130004740) already exists.
ERROR:  duplicate key value violates unique constraint "schema_migrations_pkey"
DETAIL:  Key (version)=(20181114202744) already exists.
ERROR:  duplicate key value violates unique constraint "schema_migrations_pkey"
DETAIL:  Key (version)=(20181114185032) already exists.
ERROR:  duplicate key value violates unique constraint "schema_migrations_pkey"
DETAIL:  Key (version)=(20181114180205) already exists.
ERROR:  duplicate key value violates unique constraint "schema_migrations_pkey"
DETAIL:  Key (version)=(20181113174914) already exists.
ERROR:  duplicate key value violates unique constraint "schema_migrations_pkey"
DETAIL:  Key (version)=(20181108205842) already exists.
ERROR:  duplicate key value violates unique constraint "schema_migrations_pkey"
DETAIL:  Key (version)=(20181108162204) already exists.
ERROR:  duplicate key value violates unique constraint "schema_migrations_pkey"
DETAIL:  Key (version)=(20180916002448) already exists.
ERROR:  duplicate key value violates unique constraint "schema_migrations_pkey"
DETAIL:  Key (version)=(20180913184128) already exists.
ERROR:  duplicate key value violates unique constraint "schema_migrations_pkey"
DETAIL:  Key (version)=(20180912185624) already exists.
ERROR:  duplicate key value violates unique constraint "schema_migrations_pkey"
DETAIL:  Key (version)=(20180816230604) already exists.
ERROR:  duplicate key value violates unique constraint "schema_migrations_pkey"
DETAIL:  Key (version)=(20180804203201) already exists.
ERROR:  duplicate key value violates unique constraint "schema_migrations_pkey"
DETAIL:  Key (version)=(20180518175154) already exists.
ERROR:  duplicate key value violates unique constraint "schema_migrations_pkey"
DETAIL:  Key (version)=(20180517190048) already exists.
ERROR:  duplicate key value violates unique constraint "schema_migrations_pkey"
DETAIL:  Key (version)=(20180516222413) already exists.
ERROR:  duplicate key value violates unique constraint "schema_migrations_pkey"
DETAIL:  Key (version)=(20180425194016) already exists.
ERROR:  duplicate key value violates unique constraint "schema_migrations_pkey"
DETAIL:  Key (version)=(20180413224239) already exists.
ERROR:  duplicate key value violates unique constraint "schema_migrations_pkey"
DETAIL:  Key (version)=(20180403231351) already exists.
ERROR:  duplicate key value violates unique constraint "schema_migrations_pkey"
DETAIL:  Key (version)=(20180116001101) already exists.
ERROR:  duplicate key value violates unique constraint "schema_migrations_pkey"
DETAIL:  Key (version)=(20180113211343) already exists.
ERROR:  duplicate key value violates unique constraint "schema_migrations_pkey"
DETAIL:  Key (version)=(20171230220225) already exists.
ERROR:  duplicate key value violates unique constraint "schema_migrations_pkey"
DETAIL:  Key (version)=(20171219001521) already exists.
ERROR:  duplicate key value violates unique constraint "schema_migrations_pkey"
DETAIL:  Key (version)=(20171218213037) already exists.
ERROR:  duplicate key value violates unique constraint "schema_migrations_pkey"
DETAIL:  Key (version)=(20171127195124) already exists.
ERROR:  duplicate key value violates unique constraint "schema_migrations_pkey"
DETAIL:  Key (version)=(20171106075030) already exists.
ERROR:  duplicate key value violates unique constraint "schema_migrations_pkey"
DETAIL:  Key (version)=(20170914200122) already exists.
ERROR:  duplicate key value violates unique constraint "schema_migrations_pkey"
DETAIL:  Key (version)=(20170709190409) already exists.
ERROR:  duplicate key value violates unique constraint "schema_migrations_pkey"
DETAIL:  Key (version)=(20170613200356) already exists.
ERROR:  duplicate key value violates unique constraint "schema_migrations_pkey"
DETAIL:  Key (version)=(20170608043651) already exists.
ERROR:  duplicate key value violates unique constraint "schema_migrations_pkey"
DETAIL:  Key (version)=(20170526183928) already exists.
ERROR:  duplicate key value violates unique constraint "schema_migrations_pkey"
DETAIL:  Key (version)=(20170519204506) already exists.
ERROR:  duplicate key value violates unique constraint "schema_migrations_pkey"
DETAIL:  Key (version)=(20170515235205) already exists.
ERROR:  duplicate key value violates unique constraint "schema_migrations_pkey"
DETAIL:  Key (version)=(20170512221200) already exists.
ERROR:  duplicate key value violates unique constraint "schema_migrations_pkey"
DETAIL:  Key (version)=(20170428220448) already exists.
ERROR:  duplicate key value violates unique constraint "schema_migrations_pkey"
DETAIL:  Key (version)=(20170416224142) already exists.
ERROR:  duplicate key value violates unique constraint "schema_migrations_pkey"
DETAIL:  Key (version)=(20170414233617) already exists.
ERROR:  duplicate key value violates unique constraint "schema_migrations_pkey"
DETAIL:  Key (version)=(20170414233426) already exists.
ERROR:  duplicate key value violates unique constraint "schema_migrations_pkey"
DETAIL:  Key (version)=(20170414005856) already exists.
ERROR:  duplicate key value violates unique constraint "schema_migrations_pkey"
DETAIL:  Key (version)=(20170413000209) already exists.
ERROR:  duplicate key value violates unique constraint "schema_migrations_pkey"
DETAIL:  Key (version)=(20170330230231) already exists.
ERROR:  duplicate key value violates unique constraint "schema_migrations_pkey"
DETAIL:  Key (version)=(20170329185605) already exists.
ERROR:  duplicate key value violates unique constraint "schema_migrations_pkey"
DETAIL:  Key (version)=(20170319000519) already exists.
ERROR:  duplicate key value violates unique constraint "schema_migrations_pkey"
DETAIL:  Key (version)=(20170316224630) already exists.
ERROR:  duplicate key value violates unique constraint "schema_migrations_pkey"
DETAIL:  Key (version)=(20170314235626) already exists.
ERROR:  duplicate key value violates unique constraint "schema_migrations_pkey"
DETAIL:  Key (version)=(20170302014435) already exists.
ERROR:  duplicate key value violates unique constraint "schema_migrations_pkey"
DETAIL:  Key (version)=(20170218104710) already exists.
ERROR:  duplicate key value violates unique constraint "schema_migrations_pkey"
DETAIL:  Key (version)=(20170117233040) already exists.
ERROR:  duplicate key value violates unique constraint "schema_migrations_pkey"
DETAIL:  Key (version)=(20170112060921) already exists.
ERROR:  duplicate key value violates unique constraint "schema_migrations_pkey"
DETAIL:  Key (version)=(20170112021922) already exists.
ERROR:  duplicate key value violates unique constraint "schema_migrations_pkey"
DETAIL:  Key (version)=(20170106012138) already exists.
ERROR:  duplicate key value violates unique constraint "schema_migrations_pkey"
DETAIL:  Key (version)=(20161229001201) already exists.
ERROR:  duplicate key value violates unique constraint "schema_migrations_pkey"
DETAIL:  Key (version)=(20161227003428) already exists.
ERROR:  duplicate key value violates unique constraint "schema_migrations_pkey"
DETAIL:  Key (version)=(20161221225849) already exists.
ERROR:  duplicate key value violates unique constraint "schema_migrations_pkey"
DETAIL:  Key (version)=(20161101003139) already exists.
ERROR:  duplicate key value violates unique constraint "schema_migrations_pkey"
DETAIL:  Key (version)=(20161024220345) already exists.
ERROR:  duplicate key value violates unique constraint "schema_migrations_pkey"
DETAIL:  Key (version)=(20161018221128) already exists.
ERROR:  duplicate key value violates unique constraint "schema_migrations_pkey"
DETAIL:  Key (version)=(20160919234407) already exists.
ERROR:  duplicate key value violates unique constraint "schema_migrations_pkey"
DETAIL:  Key (version)=(20160822230752) already exists.
ERROR:  duplicate key value violates unique constraint "schema_migrations_pkey"
DETAIL:  Key (version)=(20160820003534) already exists.
ERROR:  duplicate key value violates unique constraint "schema_migrations_pkey"
DETAIL:  Key (version)=(20160526174848) already exists.
ERROR:  duplicate key value violates unique constraint "schema_migrations_pkey"
DETAIL:  Key (version)=(20160222211328) already exists.
ERROR:  duplicate key value violates unique constraint "schema_migrations_pkey"
DETAIL:  Key (version)=(20160219172840) already exists.
ERROR:  duplicate key value violates unique constraint "schema_migrations_pkey"
DETAIL:  Key (version)=(20160219010854) already exists.
ERROR:  duplicate key value violates unique constraint "schema_migrations_pkey"
DETAIL:  Key (version)=(20160219004022) already exists.
ERROR:  duplicate key value violates unique constraint "schema_migrations_pkey"
DETAIL:  Key (version)=(20151217213321) already exists.
ERROR:  duplicate key value violates unique constraint "schema_migrations_pkey"
DETAIL:  Key (version)=(20150805010245) already exists.
ERROR:  duplicate key value violates unique constraint "schema_migrations_pkey"
DETAIL:  Key (version)=(20150728170433) already exists.
ERROR:  duplicate key value violates unique constraint "schema_migrations_pkey"
DETAIL:  Key (version)=(20150721214646) already exists.
ERROR:  duplicate key value violates unique constraint "schema_migrations_pkey"
DETAIL:  Key (version)=(20150705014135) already exists.
ERROR:  duplicate key value violates unique constraint "schema_migrations_pkey"
DETAIL:  Key (version)=(20150629235905) already exists.
ERROR:  duplicate key value violates unique constraint "schema_migrations_pkey"
DETAIL:  Key (version)=(20150623191904) already exists.
ERROR:  duplicate key value violates unique constraint "schema_migrations_pkey"
DETAIL:  Key (version)=(20150613010904) already exists.
ERROR:  duplicate key value violates unique constraint "schema_migrations_pkey"
DETAIL:  Key (version)=(20150403224949) already exists.
ERROR:  duplicate key value violates unique constraint "schema_migrations_pkey"
DETAIL:  Key (version)=(20150128005954) already exists.
ERROR:  duplicate key value violates unique constraint "schema_migrations_pkey"
DETAIL:  Key (version)=(20150120005624) already exists.
ERROR:  duplicate key value violates unique constraint "schema_migrations_pkey"
DETAIL:  Key (version)=(20150119191042) already exists.
ERROR:  duplicate key value violates unique constraint "schema_migrations_pkey"
DETAIL:  Key (version)=(20141120045943) already exists.
ERROR:  duplicate key value violates unique constraint "schema_migrations_pkey"
DETAIL:  Key (version)=(20141017231608) already exists.
ERROR:  duplicate key value violates unique constraint "schema_migrations_pkey"
DETAIL:  Key (version)=(20141009231234) already exists.
ERROR:  duplicate key value violates unique constraint "schema_migrations_pkey"
DETAIL:  Key (version)=(20140725003232) already exists.
ERROR:  duplicate key value violates unique constraint "schema_migrations_pkey"
DETAIL:  Key (version)=(20140722225753) already exists.
ERROR:  duplicate key value violates unique constraint "schema_migrations_pkey"
DETAIL:  Key (version)=(20140701224800) already exists.
ERROR:  duplicate key value violates unique constraint "schema_migrations_pkey"
DETAIL:  Key (version)=(20140613004559) already exists.
ERROR:  duplicate key value violates unique constraint "schema_migrations_pkey"
DETAIL:  Key (version)=(20140604002414) already exists.
ERROR:  duplicate key value violates unique constraint "schema_migrations_pkey"
DETAIL:  Key (version)=(20140603225334) already exists.
ERROR:  duplicate key value violates unique constraint "schema_migrations_pkey"
DETAIL:  Key (version)=(20140505000956) already exists.
ERROR:  duplicate key value violates unique constraint "schema_migrations_pkey"
DETAIL:  Key (version)=(20140428015134) already exists.
ERROR:  duplicate key value violates unique constraint "schema_migrations_pkey"
DETAIL:  Key (version)=(20140221213349) already exists.
ERROR:  duplicate key value violates unique constraint "schema_migrations_pkey"
DETAIL:  Key (version)=(20140204233337) already exists.
ERROR:  duplicate key value violates unique constraint "schema_migrations_pkey"
DETAIL:  Key (version)=(20140111191413) already exists.
ERROR:  duplicate key value violates unique constraint "schema_migrations_pkey"
DETAIL:  Key (version)=(20131225002748) already exists.
ERROR:  duplicate key value violates unique constraint "schema_migrations_pkey"
DETAIL:  Key (version)=(20131217025233) already exists.
ERROR:  duplicate key value violates unique constraint "schema_migrations_pkey"
DETAIL:  Key (version)=(20131209181023) already exists.
ERROR:  duplicate key value violates unique constraint "schema_migrations_pkey"
DETAIL:  Key (version)=(20131130190411) already exists.
ERROR:  duplicate key value violates unique constraint "schema_migrations_pkey"
DETAIL:  Key (version)=(20131118153503) already exists.
ERROR:  duplicate key value violates unique constraint "schema_migrations_pkey"
DETAIL:  Key (version)=(20131117150705) already exists.
ERROR:  duplicate key value violates unique constraint "schema_migrations_pkey"
DETAIL:  Key (version)=(20131006193238) already exists.
ERROR:  duplicate key value violates unique constraint "schema_migrations_pkey"
DETAIL:  Key (version)=(20130914175431) already exists.
ERROR:  duplicate key value violates unique constraint "schema_migrations_pkey"
DETAIL:  Key (version)=(20130712162600) already exists.
ERROR:  duplicate key value violates unique constraint "schema_migrations_pkey"
DETAIL:  Key (version)=(20130620215658) already exists.
ERROR:  duplicate key value violates unique constraint "schema_migrations_pkey"
DETAIL:  Key (version)=(20130618230158) already exists.
ERROR:  duplicate key value violates unique constraint "schema_migrations_pkey"
DETAIL:  Key (version)=(20130606224559) already exists.
ERROR:  duplicate key value violates unique constraint "schema_migrations_pkey"
DETAIL:  Key (version)=(20130506154136) already exists.
ERROR:  duplicate key value violates unique constraint "schema_migrations_pkey"
DETAIL:  Key (version)=(20130424121410) already exists.
ERROR:  duplicate key value violates unique constraint "schema_migrations_pkey"
DETAIL:  Key (version)=(20130417221643) already exists.
ERROR:  duplicate key value violates unique constraint "schema_migrations_pkey"
DETAIL:  Key (version)=(20130409191950) already exists.
ERROR:  duplicate key value violates unique constraint "schema_migrations_pkey"
DETAIL:  Key (version)=(20130401013601) already exists.
ERROR:  duplicate key value violates unique constraint "schema_migrations_pkey"
DETAIL:  Key (version)=(20130331182719) already exists.
ERROR:  duplicate key value violates unique constraint "schema_migrations_pkey"
DETAIL:  Key (version)=(20130331180246) already exists.
ERROR:  duplicate key value violates unique constraint "schema_migrations_pkey"
DETAIL:  Key (version)=(20130328092739) already exists.
ERROR:  duplicate key value violates unique constraint "schema_migrations_pkey"
DETAIL:  Key (version)=(20130326035904) already exists.
ERROR:  duplicate key value violates unique constraint "schema_migrations_pkey"
DETAIL:  Key (version)=(20130323160259) already exists.
ERROR:  duplicate key value violates unique constraint "schema_migrations_pkey"
DETAIL:  Key (version)=(20130322173859) already exists.
ERROR:  duplicate key value violates unique constraint "schema_migrations_pkey"
DETAIL:  Key (version)=(20130322173202) already exists.
ERROR:  duplicate key value violates unique constraint "schema_migrations_pkey"
DETAIL:  Key (version)=(20130322162059) already exists.
ERROR:  duplicate key value violates unique constraint "schema_migrations_pkey"
DETAIL:  Key (version)=(20130320070700) already exists.
ERROR:  duplicate key value violates unique constraint "schema_migrations_pkey"
DETAIL:  Key (version)=(20130318231740) already exists.
ERROR:  duplicate key value violates unique constraint "schema_migrations_pkey"
DETAIL:  Key (version)=(20130318030619) already exists.
ERROR:  duplicate key value violates unique constraint "schema_migrations_pkey"
DETAIL:  Key (version)=(20130318012517) already exists.
ERROR:  duplicate key value violates unique constraint "schema_migrations_pkey"
DETAIL:  Key (version)=(20130318002652) already exists.
ERROR:  duplicate key value violates unique constraint "schema_migrations_pkey"
DETAIL:  Key (version)=(20130308204213) already exists.
ERROR:  duplicate key value violates unique constraint "schema_migrations_pkey"
DETAIL:  Key (version)=(20130307225324) already exists.
ERROR:  duplicate key value violates unique constraint "schema_migrations_pkey"
DETAIL:  Key (version)=(20130305005138) already exists.
ERROR:  duplicate key value violates unique constraint "schema_migrations_pkey"
DETAIL:  Key (version)=(20130302214500) already exists.
ERROR:  duplicate key value violates unique constraint "schema_migrations_pkey"
DETAIL:  Key (version)=(20130221214811) already exists.
ERROR:  duplicate key value violates unique constraint "schema_migrations_pkey"
DETAIL:  Key (version)=(20130221035518) already exists.
ERROR:  duplicate key value violates unique constraint "schema_migrations_pkey"
DETAIL:  Key (version)=(20130221032344) already exists.
ERROR:  duplicate key value violates unique constraint "schema_migrations_pkey"
DETAIL:  Key (version)=(20130219184743) already exists.
ERROR:  duplicate key value violates unique constraint "schema_migrations_pkey"
DETAIL:  Key (version)=(20130219171111) already exists.
ERROR:  duplicate key value violates unique constraint "schema_migrations_pkey"
DETAIL:  Key (version)=(20130114154400) already exists.
ERROR:  duplicate key value violates unique constraint "schema_migrations_pkey"
DETAIL:  Key (version)=(20130106210658) already exists.
ERROR:  duplicate key value violates unique constraint "schema_migrations_pkey"
DETAIL:  Key (version)=(20111101212358) already exists.
ERROR:  duplicate key value violates unique constraint "schema_migrations_pkey"
DETAIL:  Key (version)=(20110815233456) already exists.
ERROR:  duplicate key value violates unique constraint "schema_migrations_pkey"
DETAIL:  Key (version)=(20110722211855) already exists.
ERROR:  duplicate key value violates unique constraint "schema_migrations_pkey"
DETAIL:  Key (version)=(20110717010705) already exists.
ERROR:  duplicate key value violates unique constraint "schema_migrations_pkey"
DETAIL:  Key (version)=(20110607194023) already exists.
ERROR:  duplicate key value violates unique constraint "schema_migrations_pkey"
DETAIL:  Key (version)=(20110328215701) already exists.
ERROR:  duplicate key value violates unique constraint "schema_migrations_pkey"
DETAIL:  Key (version)=(20110328215652) already exists.
ERROR:  duplicate key value violates unique constraint "schema_migrations_pkey"
DETAIL:  Key (version)=(20100826232512) already exists.
ERROR:  duplicate key value violates unique constraint "schema_migrations_pkey"
DETAIL:  Key (version)=(20100318213503) already exists.
ERROR:  duplicate key value violates unique constraint "schema_migrations_pkey"
DETAIL:  Key (version)=(20100309211553) already exists.
ERROR:  duplicate key value violates unique constraint "schema_migrations_pkey"
DETAIL:  Key (version)=(20100307073438) already exists.
ERROR:  duplicate key value violates unique constraint "schema_migrations_pkey"
DETAIL:  Key (version)=(20100224172146) already exists.
ERROR:  duplicate key value violates unique constraint "schema_migrations_pkey"
DETAIL:  Key (version)=(20100224171915) already exists.
ERROR:  duplicate key value violates unique constraint "schema_migrations_pkey"
DETAIL:  Key (version)=(20100223001012) already exists.
ERROR:  duplicate key value violates unique constraint "schema_migrations_pkey"
DETAIL:  Key (version)=(20100221005812) already exists.
ERROR:  duplicate key value violates unique constraint "schema_migrations_pkey"
DETAIL:  Key (version)=(20100221003655) already exists.
ERROR:  duplicate key value violates unique constraint "schema_migrations_pkey"
DETAIL:  Key (version)=(20100219230537) already exists.
ERROR:  duplicate key value violates unique constraint "schema_migrations_pkey"
DETAIL:  Key (version)=(20100215230642) already exists.
ERROR:  duplicate key value violates unique constraint "schema_migrations_pkey"
DETAIL:  Key (version)=(20100215225710) already exists.
ERROR:  duplicate key value violates unique constraint "schema_migrations_pkey"
DETAIL:  Key (version)=(20100215224635) already exists.
ERROR:  duplicate key value violates unique constraint "schema_migrations_pkey"
DETAIL:  Key (version)=(20100215224629) already exists.
ERROR:  duplicate key value violates unique constraint "schema_migrations_pkey"
DETAIL:  Key (version)=(20100215223541) already exists.
ERROR:  duplicate key value violates unique constraint "schema_migrations_pkey"
DETAIL:  Key (version)=(20100215213756) already exists.
ERROR:  duplicate key value violates unique constraint "schema_migrations_pkey"
DETAIL:  Key (version)=(20100215182234) already exists.
ERROR:  duplicate key value violates unique constraint "schema_migrations_pkey"
DETAIL:  Key (version)=(20100214080605) already exists.
ERROR:  duplicate key value violates unique constraint "schema_migrations_pkey"
DETAIL:  Key (version)=(20100214080557) already exists.
ERROR:  duplicate key value violates unique constraint "schema_migrations_pkey"
DETAIL:  Key (version)=(20100214080549) already exists.
ERROR:  duplicate key value violates unique constraint "schema_migrations_pkey"
DETAIL:  Key (version)=(20100213183712) already exists.
ERROR:  duplicate key value violates unique constraint "schema_migrations_pkey"
DETAIL:  Key (version)=(20100213181847) already exists.
ERROR:  duplicate key value violates unique constraint "schema_migrations_pkey"
DETAIL:  Key (version)=(20100211191716) already exists.
ERROR:  duplicate key value violates unique constraint "schema_migrations_pkey"
DETAIL:  Key (version)=(20100211191709) already exists.
ERROR:  duplicate key value violates unique constraint "schema_migrations_pkey"
DETAIL:  Key (version)=(20100211181944) already exists.
ERROR:  duplicate key value violates unique constraint "schema_migrations_pkey"
DETAIL:  Key (version)=(20100211025616) already exists.
ERROR:  duplicate key value violates unique constraint "schema_migrations_pkey"
DETAIL:  Key (version)=(20100205224030) already exists.
ERROR:  duplicate key value violates unique constraint "schema_migrations_pkey"
DETAIL:  Key (version)=(20100205163027) already exists.
ERROR:  duplicate key value violates unique constraint "schema_migrations_pkey"
DETAIL:  Key (version)=(20100205162521) already exists.
ERROR:  duplicate key value violates unique constraint "schema_migrations_pkey"
DETAIL:  Key (version)=(20100204214746) already exists.
ERROR:  duplicate key value violates unique constraint "schema_migrations_pkey"
DETAIL:  Key (version)=(20100204211522) already exists.
ERROR:  duplicate key value violates unique constraint "tag_implications_pkey"
DETAIL:  Key (id)=(20) already exists.
ERROR:  duplicate key value violates unique constraint "tag_implications_pkey"
DETAIL:  Key (id)=(14) already exists.
ERROR:  duplicate key value violates unique constraint "tag_implications_pkey"
DETAIL:  Key (id)=(5) already exists.
ERROR:  duplicate key value violates unique constraint "tag_implications_pkey"
DETAIL:  Key (id)=(3) already exists.
ERROR:  duplicate key value violates unique constraint "tag_implications_pkey"
DETAIL:  Key (id)=(4) already exists.
ERROR:  duplicate key value violates unique constraint "tag_implications_pkey"
DETAIL:  Key (id)=(2) already exists.
ERROR:  duplicate key value violates unique constraint "tag_implications_pkey"
DETAIL:  Key (id)=(1) already exists.
ERROR:  duplicate key value violates unique constraint "tag_implications_pkey"
DETAIL:  Key (id)=(15) already exists.
ERROR:  duplicate key value violates unique constraint "tag_implications_pkey"
DETAIL:  Key (id)=(23) already exists.
ERROR:  duplicate key value violates unique constraint "tag_implications_pkey"
DETAIL:  Key (id)=(6) already exists.
ERROR:  duplicate key value violates unique constraint "tag_implications_pkey"
DETAIL:  Key (id)=(9) already exists.
ERROR:  duplicate key value violates unique constraint "tag_implications_pkey"
DETAIL:  Key (id)=(7) already exists.
ERROR:  duplicate key value violates unique constraint "tag_implications_pkey"
DETAIL:  Key (id)=(8) already exists.
ERROR:  duplicate key value violates unique constraint "tag_implications_pkey"
DETAIL:  Key (id)=(10) already exists.
ERROR:  duplicate key value violates unique constraint "tag_implications_pkey"
DETAIL:  Key (id)=(22) already exists.
ERROR:  duplicate key value violates unique constraint "tag_implications_pkey"
DETAIL:  Key (id)=(28) already exists.
ERROR:  duplicate key value violates unique constraint "tag_implications_pkey"
DETAIL:  Key (id)=(11) already exists.
ERROR:  duplicate key value violates unique constraint "tag_implications_pkey"
DETAIL:  Key (id)=(25) already exists.
ERROR:  duplicate key value violates unique constraint "tag_implications_pkey"
DETAIL:  Key (id)=(17) already exists.
ERROR:  duplicate key value violates unique constraint "tag_implications_pkey"
DETAIL:  Key (id)=(12) already exists.
ERROR:  duplicate key value violates unique constraint "tag_implications_pkey"
DETAIL:  Key (id)=(13) already exists.
ERROR:  duplicate key value violates unique constraint "tag_implications_pkey"
DETAIL:  Key (id)=(26) already exists.
ERROR:  duplicate key value violates unique constraint "tag_implications_pkey"
DETAIL:  Key (id)=(27) already exists.
ERROR:  duplicate key value violates unique constraint "tag_implications_pkey"
DETAIL:  Key (id)=(32) already exists.
ERROR:  duplicate key value violates unique constraint "tag_implications_pkey"
DETAIL:  Key (id)=(21) already exists.
ERROR:  duplicate key value violates unique constraint "tag_implications_pkey"
DETAIL:  Key (id)=(31) already exists.
ERROR:  duplicate key value violates unique constraint "tag_implications_pkey"
DETAIL:  Key (id)=(33) already exists.
ERROR:  duplicate key value violates unique constraint "tag_implications_pkey"
DETAIL:  Key (id)=(18) already exists.
ERROR:  duplicate key value violates unique constraint "tag_implications_pkey"
DETAIL:  Key (id)=(29) already exists.
ERROR:  duplicate key value violates unique constraint "tag_implications_pkey"
DETAIL:  Key (id)=(19) already exists.
ERROR:  duplicate key value violates unique constraint "tag_implications_pkey"
DETAIL:  Key (id)=(24) already exists.
ERROR:  duplicate key value violates unique constraint "tag_implications_pkey"
DETAIL:  Key (id)=(16) already exists.
ERROR:  duplicate key value violates unique constraint "tag_implications_pkey"
DETAIL:  Key (id)=(30) already exists.
ERROR:  duplicate key value violates unique constraint "tag_implications_pkey"
DETAIL:  Key (id)=(37) already exists.
ERROR:  duplicate key value violates unique constraint "tag_implications_pkey"
DETAIL:  Key (id)=(35) already exists.
ERROR:  duplicate key value violates unique constraint "tag_implications_pkey"
DETAIL:  Key (id)=(39) already exists.
ERROR:  duplicate key value violates unique constraint "tag_implications_pkey"
DETAIL:  Key (id)=(40) already exists.
ERROR:  duplicate key value violates unique constraint "tag_implications_pkey"
DETAIL:  Key (id)=(41) already exists.
ERROR:  duplicate key value violates unique constraint "tag_implications_pkey"
DETAIL:  Key (id)=(38) already exists.
ERROR:  duplicate key value violates unique constraint "tag_implications_pkey"
DETAIL:  Key (id)=(34) already exists.
ERROR:  duplicate key value violates unique constraint "tag_implications_pkey"
DETAIL:  Key (id)=(36) already exists.
ERROR:  duplicate key value violates unique constraint "tags_pkey"
DETAIL:  Key (id)=(45) already exists.
ERROR:  duplicate key value violates unique constraint "tags_pkey"
DETAIL:  Key (id)=(1) already exists.
ERROR:  duplicate key value violates unique constraint "tags_pkey"
DETAIL:  Key (id)=(2) already exists.
ERROR:  duplicate key value violates unique constraint "tags_pkey"
DETAIL:  Key (id)=(3) already exists.
ERROR:  duplicate key value violates unique constraint "tags_pkey"
DETAIL:  Key (id)=(4) already exists.
ERROR:  duplicate key value violates unique constraint "tags_pkey"
DETAIL:  Key (id)=(5) already exists.
ERROR:  duplicate key value violates unique constraint "tags_pkey"
DETAIL:  Key (id)=(6) already exists.
ERROR:  duplicate key value violates unique constraint "tags_pkey"
DETAIL:  Key (id)=(7) already exists.
ERROR:  duplicate key value violates unique constraint "tags_pkey"
DETAIL:  Key (id)=(8) already exists.
ERROR:  duplicate key value violates unique constraint "tags_pkey"
DETAIL:  Key (id)=(9) already exists.
ERROR:  duplicate key value violates unique constraint "tags_pkey"
DETAIL:  Key (id)=(10) already exists.
ERROR:  duplicate key value violates unique constraint "tags_pkey"
DETAIL:  Key (id)=(11) already exists.
ERROR:  duplicate key value violates unique constraint "tags_pkey"
DETAIL:  Key (id)=(12) already exists.
ERROR:  duplicate key value violates unique constraint "tags_pkey"
DETAIL:  Key (id)=(13) already exists.
ERROR:  duplicate key value violates unique constraint "tags_pkey"
DETAIL:  Key (id)=(14) already exists.
ERROR:  duplicate key value violates unique constraint "tags_pkey"
DETAIL:  Key (id)=(15) already exists.
ERROR:  duplicate key value violates unique constraint "tags_pkey"
DETAIL:  Key (id)=(16) already exists.
ERROR:  duplicate key value violates unique constraint "tags_pkey"
DETAIL:  Key (id)=(17) already exists.
ERROR:  duplicate key value violates unique constraint "tags_pkey"
DETAIL:  Key (id)=(18) already exists.
ERROR:  duplicate key value violates unique constraint "tags_pkey"
DETAIL:  Key (id)=(19) already exists.
ERROR:  duplicate key value violates unique constraint "tags_pkey"
DETAIL:  Key (id)=(20) already exists.
ERROR:  duplicate key value violates unique constraint "tags_pkey"
DETAIL:  Key (id)=(21) already exists.
ERROR:  duplicate key value violates unique constraint "tags_pkey"
DETAIL:  Key (id)=(22) already exists.
ERROR:  duplicate key value violates unique constraint "tags_pkey"
DETAIL:  Key (id)=(23) already exists.
ERROR:  duplicate key value violates unique constraint "tags_pkey"
DETAIL:  Key (id)=(24) already exists.
ERROR:  duplicate key value violates unique constraint "tags_pkey"
DETAIL:  Key (id)=(25) already exists.
ERROR:  duplicate key value violates unique constraint "tags_pkey"
DETAIL:  Key (id)=(26) already exists.
ERROR:  duplicate key value violates unique constraint "tags_pkey"
DETAIL:  Key (id)=(27) already exists.
ERROR:  duplicate key value violates unique constraint "tags_pkey"
DETAIL:  Key (id)=(28) already exists.
ERROR:  duplicate key value violates unique constraint "tags_pkey"
DETAIL:  Key (id)=(29) already exists.
ERROR:  duplicate key value violates unique constraint "tags_pkey"
DETAIL:  Key (id)=(30) already exists.
ERROR:  duplicate key value violates unique constraint "tags_pkey"
DETAIL:  Key (id)=(31) already exists.
ERROR:  duplicate key value violates unique constraint "tags_pkey"
DETAIL:  Key (id)=(32) already exists.
ERROR:  duplicate key value violates unique constraint "tags_pkey"
DETAIL:  Key (id)=(33) already exists.
ERROR:  duplicate key value violates unique constraint "tags_pkey"
DETAIL:  Key (id)=(34) already exists.
ERROR:  duplicate key value violates unique constraint "tags_pkey"
DETAIL:  Key (id)=(35) already exists.
ERROR:  duplicate key value violates unique constraint "tags_pkey"
DETAIL:  Key (id)=(36) already exists.
ERROR:  duplicate key value violates unique constraint "tags_pkey"
DETAIL:  Key (id)=(37) already exists.
ERROR:  duplicate key value violates unique constraint "tags_pkey"
DETAIL:  Key (id)=(38) already exists.
ERROR:  duplicate key value violates unique constraint "tags_pkey"
DETAIL:  Key (id)=(39) already exists.
ERROR:  duplicate key value violates unique constraint "tags_pkey"
DETAIL:  Key (id)=(40) already exists.
ERROR:  duplicate key value violates unique constraint "tags_pkey"
DETAIL:  Key (id)=(41) already exists.
ERROR:  duplicate key value violates unique constraint "tags_pkey"
DETAIL:  Key (id)=(42) already exists.
ERROR:  duplicate key value violates unique constraint "tags_pkey"
DETAIL:  Key (id)=(43) already exists.
ERROR:  duplicate key value violates unique constraint "tags_pkey"
DETAIL:  Key (id)=(44) already exists.
ERROR:  duplicate key value violates unique constraint "tags_pkey"
DETAIL:  Key (id)=(46) already exists.
ERROR:  duplicate key value violates unique constraint "tags_pkey"
DETAIL:  Key (id)=(47) already exists.
ERROR:  duplicate key value violates unique constraint "tags_pkey"
DETAIL:  Key (id)=(48) already exists.
ERROR:  duplicate key value violates unique constraint "tags_pkey"
DETAIL:  Key (id)=(49) already exists.
ERROR:  duplicate key value violates unique constraint "tags_pkey"
DETAIL:  Key (id)=(50) already exists.
ERROR:  duplicate key value violates unique constraint "tags_pkey"
DETAIL:  Key (id)=(51) already exists.
ERROR:  duplicate key value violates unique constraint "tags_pkey"
DETAIL:  Key (id)=(52) already exists.
ERROR:  duplicate key value violates unique constraint "upload_whitelists_pkey"
DETAIL:  Key (id)=(1) already exists.
ERROR:  duplicate key value violates unique constraint "uploads_pkey"
DETAIL:  Key (id)=(1) already exists.
ERROR:  duplicate key value violates unique constraint "user_statuses_pkey"
DETAIL:  Key (id)=(1) already exists.
ERROR:  duplicate key value violates unique constraint "user_statuses_pkey"
DETAIL:  Key (id)=(2) already exists.
 setval 
--------
      1
(1 row)

 setval 
--------
      4
(1 row)

 setval 
--------
      2
(1 row)

 setval 
--------
      2
(1 row)

 setval 
--------
      1
(1 row)

 setval 
--------
      1
(1 row)

 setval 
--------
      1
(1 row)

 setval 
--------
      1
(1 row)

 setval 
--------
      2
(1 row)

 setval 
--------
      1
(1 row)

 setval 
--------
      1
(1 row)

 setval 
--------
      1
(1 row)

 setval 
--------
      1
(1 row)

 setval 
--------
      1
(1 row)

 setval 
--------
      1
(1 row)

 setval 
--------
      1
(1 row)

 setval 
--------
      1
(1 row)

 setval 
--------
      1
(1 row)

 setval 
--------
      1
(1 row)

 setval 
--------
      1
(1 row)

 setval 
--------
      1
(1 row)

 setval 
--------
      1
(1 row)

 setval 
--------
      1
(1 row)

 setval 
--------
      1
(1 row)

 setval 
--------
      1
(1 row)

 setval 
--------
      1
(1 row)

 setval 
--------
      1
(1 row)

 setval 
--------
    125
(1 row)

 setval 
--------
      1
(1 row)

 setval 
--------
      1
(1 row)

 setval 
--------
      1
(1 row)

 setval 
--------
      1
(1 row)

 setval 
--------
      1
(1 row)

 setval 
--------
      1
(1 row)

 setval 
--------
      1
(1 row)

 setval 
--------
      1
(1 row)

 setval 
--------
      1
(1 row)

 setval 
--------
      1
(1 row)

 setval 
--------
      1
(1 row)

 setval 
--------
      1
(1 row)

 setval 
--------
      1
(1 row)

 setval 
--------
      1
(1 row)

 setval 
--------
      1
(1 row)

 setval 
--------
      1
(1 row)

 setval 
--------
      1
(1 row)

 setval 
--------
      1
(1 row)

 setval 
--------
      1
(1 row)

 setval 
--------
      1
(1 row)

 setval 
--------
     41
(1 row)

 setval 
--------
      1
(1 row)

 setval 
--------
      1
(1 row)

 setval 
--------
     52
(1 row)

 setval 
--------
      1
(1 row)

 setval 
--------
      1
(1 row)

 setval 
--------
      1
(1 row)

 setval 
--------
      1
(1 row)

 setval 
--------
      1
(1 row)

 setval 
--------
      1
(1 row)

 setval 
--------
      1
(1 row)

 setval 
--------
      2
(1 row)

 setval 
--------
      2
(1 row)

 setval 
--------
      1
(1 row)

 setval 
--------
      1
(1 row)

